------------------------------------------------------
Job is running on node n2135 at Fri Jul 14 16:29:31 MDT 2017
------------------------------------------------------
PBS: Qsub is running on login1.hpc.nrel.gov
PBS: Originating queue is batch-h
PBS: Executing queue is batch-h
PBS: Working directory is /scratch/jrood/NaluBenchmark/abl_3km_256
PBS: Execution mode is PBS_BATCH
PBS: Job identifier is 3380750
PBS: Job name is nalu-256-768
PBS: Node file is /var/spool/torque/aux//3380750
PBS: Node file contains n2135 n2135 n2135 n2135 n2135 n2135 n2135 n2135 n2135 n2135 n2135 n2135 n2135 n2135 n2135 n2135 n2135 n2135 n2135 n2135 n2135 n2135 n2135 n2135 n2098 n2098 n2098 n2098 n2098 n2098 n2098 n2098 n2098 n2098 n2098 n2098 n2098 n2098 n2098 n2098 n2098 n2098 n2098 n2098 n2098 n2098 n2098 n2098 n2097 n2097 n2097 n2097 n2097 n2097 n2097 n2097 n2097 n2097 n2097 n2097 n2097 n2097 n2097 n2097 n2097 n2097 n2097 n2097 n2097 n2097 n2097 n2097 n2096 n2096 n2096 n2096 n2096 n2096 n2096 n2096 n2096 n2096 n2096 n2096 n2096 n2096 n2096 n2096 n2096 n2096 n2096 n2096 n2096 n2096 n2096 n2096 n2095 n2095 n2095 n2095 n2095 n2095 n2095 n2095 n2095 n2095 n2095 n2095 n2095 n2095 n2095 n2095 n2095 n2095 n2095 n2095 n2095 n2095 n2095 n2095 n2054 n2054 n2054 n2054 n2054 n2054 n2054 n2054 n2054 n2054 n2054 n2054 n2054 n2054 n2054 n2054 n2054 n2054 n2054 n2054 n2054 n2054 n2054 n2054 n2050 n2050 n2050 n2050 n2050 n2050 n2050 n2050 n2050 n2050 n2050 n2050 n2050 n2050 n2050 n2050 n2050 n2050 n2050 n2050 n2050 n2050 n2050 n2050 n2047 n2047 n2047 n2047 n2047 n2047 n2047 n2047 n2047 n2047 n2047 n2047 n2047 n2047 n2047 n2047 n2047 n2047 n2047 n2047 n2047 n2047 n2047 n2047 n2045 n2045 n2045 n2045 n2045 n2045 n2045 n2045 n2045 n2045 n2045 n2045 n2045 n2045 n2045 n2045 n2045 n2045 n2045 n2045 n2045 n2045 n2045 n2045 n2043 n2043 n2043 n2043 n2043 n2043 n2043 n2043 n2043 n2043 n2043 n2043 n2043 n2043 n2043 n2043 n2043 n2043 n2043 n2043 n2043 n2043 n2043 n2043 n2034 n2034 n2034 n2034 n2034 n2034 n2034 n2034 n2034 n2034 n2034 n2034 n2034 n2034 n2034 n2034 n2034 n2034 n2034 n2034 n2034 n2034 n2034 n2034 n1992 n1992 n1992 n1992 n1992 n1992 n1992 n1992 n1992 n1992 n1992 n1992 n1992 n1992 n1992 n1992 n1992 n1992 n1992 n1992 n1992 n1992 n1992 n1992 n1989 n1989 n1989 n1989 n1989 n1989 n1989 n1989 n1989 n1989 n1989 n1989 n1989 n1989 n1989 n1989 n1989 n1989 n1989 n1989 n1989 n1989 n1989 n1989 n1988 n1988 n1988 n1988 n1988 n1988 n1988 n1988 n1988 n1988 n1988 n1988 n1988 n1988 n1988 n1988 n1988 n1988 n1988 n1988 n1988 n1988 n1988 n1988 n1965 n1965 n1965 n1965 n1965 n1965 n1965 n1965 n1965 n1965 n1965 n1965 n1965 n1965 n1965 n1965 n1965 n1965 n1965 n1965 n1965 n1965 n1965 n1965 n1964 n1964 n1964 n1964 n1964 n1964 n1964 n1964 n1964 n1964 n1964 n1964 n1964 n1964 n1964 n1964 n1964 n1964 n1964 n1964 n1964 n1964 n1964 n1964 n1958 n1958 n1958 n1958 n1958 n1958 n1958 n1958 n1958 n1958 n1958 n1958 n1958 n1958 n1958 n1958 n1958 n1958 n1958 n1958 n1958 n1958 n1958 n1958 n1953 n1953 n1953 n1953 n1953 n1953 n1953 n1953 n1953 n1953 n1953 n1953 n1953 n1953 n1953 n1953 n1953 n1953 n1953 n1953 n1953 n1953 n1953 n1953 n1952 n1952 n1952 n1952 n1952 n1952 n1952 n1952 n1952 n1952 n1952 n1952 n1952 n1952 n1952 n1952 n1952 n1952 n1952 n1952 n1952 n1952 n1952 n1952 n1946 n1946 n1946 n1946 n1946 n1946 n1946 n1946 n1946 n1946 n1946 n1946 n1946 n1946 n1946 n1946 n1946 n1946 n1946 n1946 n1946 n1946 n1946 n1946 n1945 n1945 n1945 n1945 n1945 n1945 n1945 n1945 n1945 n1945 n1945 n1945 n1945 n1945 n1945 n1945 n1945 n1945 n1945 n1945 n1945 n1945 n1945 n1945 n1933 n1933 n1933 n1933 n1933 n1933 n1933 n1933 n1933 n1933 n1933 n1933 n1933 n1933 n1933 n1933 n1933 n1933 n1933 n1933 n1933 n1933 n1933 n1933 n1932 n1932 n1932 n1932 n1932 n1932 n1932 n1932 n1932 n1932 n1932 n1932 n1932 n1932 n1932 n1932 n1932 n1932 n1932 n1932 n1932 n1932 n1932 n1932 n1931 n1931 n1931 n1931 n1931 n1931 n1931 n1931 n1931 n1931 n1931 n1931 n1931 n1931 n1931 n1931 n1931 n1931 n1931 n1931 n1931 n1931 n1931 n1931 n1930 n1930 n1930 n1930 n1930 n1930 n1930 n1930 n1930 n1930 n1930 n1930 n1930 n1930 n1930 n1930 n1930 n1930 n1930 n1930 n1930 n1930 n1930 n1930 n1921 n1921 n1921 n1921 n1921 n1921 n1921 n1921 n1921 n1921 n1921 n1921 n1921 n1921 n1921 n1921 n1921 n1921 n1921 n1921 n1921 n1921 n1921 n1921 n1920 n1920 n1920 n1920 n1920 n1920 n1920 n1920 n1920 n1920 n1920 n1920 n1920 n1920 n1920 n1920 n1920 n1920 n1920 n1920 n1920 n1920 n1920 n1920 n1919 n1919 n1919 n1919 n1919 n1919 n1919 n1919 n1919 n1919 n1919 n1919 n1919 n1919 n1919 n1919 n1919 n1919 n1919 n1919 n1919 n1919 n1919 n1919 n1918 n1918 n1918 n1918 n1918 n1918 n1918 n1918 n1918 n1918 n1918 n1918 n1918 n1918 n1918 n1918 n1918 n1918 n1918 n1918 n1918 n1918 n1918 n1918 n1905 n1905 n1905 n1905 n1905 n1905 n1905 n1905 n1905 n1905 n1905 n1905 n1905 n1905 n1905 n1905 n1905 n1905 n1905 n1905 n1905 n1905 n1905 n1905 n1904 n1904 n1904 n1904 n1904 n1904 n1904 n1904 n1904 n1904 n1904 n1904 n1904 n1904 n1904 n1904 n1904 n1904 n1904 n1904 n1904 n1904 n1904 n1904 n1895 n1895 n1895 n1895 n1895 n1895 n1895 n1895 n1895 n1895 n1895 n1895 n1895 n1895 n1895 n1895 n1895 n1895 n1895 n1895 n1895 n1895 n1895 n1895
PBS: Current home directory is /home/jrood
PBS: PATH = /home/jrood/spack/bin:/nopt/nrel/apps/git/git-2.6.3/bin:/nopt/nrel/apps/python/2.7.8-gcc-4.8.2/bin:/nopt/nrel/apps/gcc/5.2.0/bin:/nopt/torque/sbin:/nopt/torque/bin:/nopt/moab/bin:/usr/lib64/qt-3.3/bin:/usr/local/bin:/bin:/usr/bin:/usr/local/sbin:/usr/sbin:/sbin:/opt/ibutils/bin
------------------------------------------------------

CASE: 256 
RANKS: 768 
NODES: 32 
RANKSPERNODE: 24 

+ which mpirun
/projects/windFlowModeling/ExaWind/NaluSharedInstallationB/spack/opt/spack/linux-centos6-x86_64/gcc-5.2.0/openmpi-1.10.3-ts4s2yxxk6pq2il7fwrzwahb7bzw3koj/bin/mpirun
+ which naluX
/projects/windFlowModeling/ExaWind/NaluSharedInstallationB/spack/opt/spack/linux-centos6-x86_64/gcc-5.2.0/nalu-master-jx5zleq6veikc2lfdfgdricngs4gg4jh/bin/naluX
+ mpirun -report-bindings -np 768 --map-by ppr:1:core -bind-to core /bin/bash -c 'ulimit -s 10240 && naluX -i abl_3km_256.i -o abl_3km_256_768.log'
[n2135:10923] MCW rank 9 bound to socket 0[core 9[hwt 0]]: [./././././././././B/./.][./././././././././././.]
[n2135:10923] MCW rank 10 bound to socket 0[core 10[hwt 0]]: [././././././././././B/.][./././././././././././.]
[n2135:10923] MCW rank 11 bound to socket 0[core 11[hwt 0]]: [./././././././././././B][./././././././././././.]
[n2135:10923] MCW rank 12 bound to socket 1[core 12[hwt 0]]: [./././././././././././.][B/././././././././././.]
[n2135:10923] MCW rank 13 bound to socket 1[core 13[hwt 0]]: [./././././././././././.][./B/./././././././././.]
[n2135:10923] MCW rank 14 bound to socket 1[core 14[hwt 0]]: [./././././././././././.][././B/././././././././.]
[n2135:10923] MCW rank 15 bound to socket 1[core 15[hwt 0]]: [./././././././././././.][./././B/./././././././.]
[n2135:10923] MCW rank 16 bound to socket 1[core 16[hwt 0]]: [./././././././././././.][././././B/././././././.]
[n2135:10923] MCW rank 17 bound to socket 1[core 17[hwt 0]]: [./././././././././././.][./././././B/./././././.]
[n2135:10923] MCW rank 18 bound to socket 1[core 18[hwt 0]]: [./././././././././././.][././././././B/././././.]
[n2135:10923] MCW rank 19 bound to socket 1[core 19[hwt 0]]: [./././././././././././.][./././././././B/./././.]
[n2135:10923] MCW rank 20 bound to socket 1[core 20[hwt 0]]: [./././././././././././.][././././././././B/././.]
[n2135:10923] MCW rank 21 bound to socket 1[core 21[hwt 0]]: [./././././././././././.][./././././././././B/./.]
[n2135:10923] MCW rank 22 bound to socket 1[core 22[hwt 0]]: [./././././././././././.][././././././././././B/.]
[n2135:10923] MCW rank 23 bound to socket 1[core 23[hwt 0]]: [./././././././././././.][./././././././././././B]
[n2135:10923] MCW rank 0 bound to socket 0[core 0[hwt 0]]: [B/././././././././././.][./././././././././././.]
[n2135:10923] MCW rank 1 bound to socket 0[core 1[hwt 0]]: [./B/./././././././././.][./././././././././././.]
[n2135:10923] MCW rank 2 bound to socket 0[core 2[hwt 0]]: [././B/././././././././.][./././././././././././.]
[n2135:10923] MCW rank 3 bound to socket 0[core 3[hwt 0]]: [./././B/./././././././.][./././././././././././.]
[n2135:10923] MCW rank 4 bound to socket 0[core 4[hwt 0]]: [././././B/././././././.][./././././././././././.]
[n2135:10923] MCW rank 5 bound to socket 0[core 5[hwt 0]]: [./././././B/./././././.][./././././././././././.]
[n2135:10923] MCW rank 6 bound to socket 0[core 6[hwt 0]]: [././././././B/././././.][./././././././././././.]
[n2135:10923] MCW rank 7 bound to socket 0[core 7[hwt 0]]: [./././././././B/./././.][./././././././././././.]
[n2135:10923] MCW rank 8 bound to socket 0[core 8[hwt 0]]: [././././././././B/././.][./././././././././././.]
[n2045:19019] MCW rank 199 bound to socket 0[core 7[hwt 0]]: [./././././././B/./././.][./././././././././././.]
[n1958:08929] MCW rank 405 bound to socket 1[core 21[hwt 0]]: [./././././././././././.][./././././././././B/./.]
[n1945:00824] MCW rank 492 bound to socket 1[core 12[hwt 0]]: [./././././././././././.][B/././././././././././.]
[n1965:25269] MCW rank 343 bound to socket 0[core 7[hwt 0]]: [./././././././B/./././.][./././././././././././.]
[n1989:06046] MCW rank 295 bound to socket 0[core 7[hwt 0]]: [./././././././B/./././.][./././././././././././.]
[n2045:19019] MCW rank 200 bound to socket 0[core 8[hwt 0]]: [././././././././B/././.][./././././././././././.]
[n1958:08929] MCW rank 406 bound to socket 1[core 22[hwt 0]]: [./././././././././././.][././././././././././B/.]
[n1945:00824] MCW rank 493 bound to socket 1[core 13[hwt 0]]: [./././././././././././.][./B/./././././././././.]
[n1965:25269] MCW rank 344 bound to socket 0[core 8[hwt 0]]: [././././././././B/././.][./././././././././././.]
[n1989:06046] MCW rank 296 bound to socket 0[core 8[hwt 0]]: [././././././././B/././.][./././././././././././.]
[n2045:19019] MCW rank 201 bound to socket 0[core 9[hwt 0]]: [./././././././././B/./.][./././././././././././.]
[n1958:08929] MCW rank 407 bound to socket 1[core 23[hwt 0]]: [./././././././././././.][./././././././././././B]
[n1945:00824] MCW rank 494 bound to socket 1[core 14[hwt 0]]: [./././././././././././.][././B/././././././././.]
[n1965:25269] MCW rank 345 bound to socket 0[core 9[hwt 0]]: [./././././././././B/./.][./././././././././././.]
[n1989:06046] MCW rank 297 bound to socket 0[core 9[hwt 0]]: [./././././././././B/./.][./././././././././././.]
[n2045:19019] MCW rank 202 bound to socket 0[core 10[hwt 0]]: [././././././././././B/.][./././././././././././.]
[n1958:08929] MCW rank 384 bound to socket 0[core 0[hwt 0]]: [B/././././././././././.][./././././././././././.]
[n1945:00824] MCW rank 495 bound to socket 1[core 15[hwt 0]]: [./././././././././././.][./././B/./././././././.]
[n1965:25269] MCW rank 346 bound to socket 0[core 10[hwt 0]]: [././././././././././B/.][./././././././././././.]
[n1989:06046] MCW rank 298 bound to socket 0[core 10[hwt 0]]: [././././././././././B/.][./././././././././././.]
[n2045:19019] MCW rank 203 bound to socket 0[core 11[hwt 0]]: [./././././././././././B][./././././././././././.]
[n1958:08929] MCW rank 385 bound to socket 0[core 1[hwt 0]]: [./B/./././././././././.][./././././././././././.]
[n1945:00824] MCW rank 496 bound to socket 1[core 16[hwt 0]]: [./././././././././././.][././././B/././././././.]
[n1965:25269] MCW rank 347 bound to socket 0[core 11[hwt 0]]: [./././././././././././B][./././././././././././.]
[n1989:06046] MCW rank 299 bound to socket 0[core 11[hwt 0]]: [./././././././././././B][./././././././././././.]
[n2045:19019] MCW rank 204 bound to socket 1[core 12[hwt 0]]: [./././././././././././.][B/././././././././././.]
[n1945:00824] MCW rank 497 bound to socket 1[core 17[hwt 0]]: [./././././././././././.][./././././B/./././././.]
[n1965:25269] MCW rank 348 bound to socket 1[core 12[hwt 0]]: [./././././././././././.][B/././././././././././.]
[n1989:06046] MCW rank 300 bound to socket 1[core 12[hwt 0]]: [./././././././././././.][B/././././././././././.]
[n2045:19019] MCW rank 205 bound to socket 1[core 13[hwt 0]]: [./././././././././././.][./B/./././././././././.]
[n1958:08929] MCW rank 386 bound to socket 0[core 2[hwt 0]]: [././B/././././././././.][./././././././././././.]
[n1945:00824] MCW rank 498 bound to socket 1[core 18[hwt 0]]: [./././././././././././.][././././././B/././././.]
[n1965:25269] MCW rank 349 bound to socket 1[core 13[hwt 0]]: [./././././././././././.][./B/./././././././././.]
[n1989:06046] MCW rank 301 bound to socket 1[core 13[hwt 0]]: [./././././././././././.][./B/./././././././././.]
[n2045:19019] MCW rank 206 bound to socket 1[core 14[hwt 0]]: [./././././././././././.][././B/././././././././.]
[n1958:08929] MCW rank 387 bound to socket 0[core 3[hwt 0]]: [./././B/./././././././.][./././././././././././.]
[n1945:00824] MCW rank 499 bound to socket 1[core 19[hwt 0]]: [./././././././././././.][./././././././B/./././.]
[n1965:25269] MCW rank 350 bound to socket 1[core 14[hwt 0]]: [./././././././././././.][././B/././././././././.]
[n1989:06046] MCW rank 302 bound to socket 1[core 14[hwt 0]]: [./././././././././././.][././B/././././././././.]
[n2045:19019] MCW rank 207 bound to socket 1[core 15[hwt 0]]: [./././././././././././.][./././B/./././././././.]
[n1958:08929] MCW rank 388 bound to socket 0[core 4[hwt 0]]: [././././B/././././././.][./././././././././././.]
[n1945:00824] MCW rank 500 bound to socket 1[core 20[hwt 0]]: [./././././././././././.][././././././././B/././.]
[n1965:25269] MCW rank 351 bound to socket 1[core 15[hwt 0]]: [./././././././././././.][./././B/./././././././.]
[n1989:06046] MCW rank 303 bound to socket 1[core 15[hwt 0]]: [./././././././././././.][./././B/./././././././.]
[n2045:19019] MCW rank 208 bound to socket 1[core 16[hwt 0]]: [./././././././././././.][././././B/././././././.]
[n1958:08929] MCW rank 389 bound to socket 0[core 5[hwt 0]]: [./././././B/./././././.][./././././././././././.]
[n1945:00824] MCW rank 501 bound to socket 1[core 21[hwt 0]]: [./././././././././././.][./././././././././B/./.]
[n1965:25269] MCW rank 352 bound to socket 1[core 16[hwt 0]]: [./././././././././././.][././././B/././././././.]
[n1989:06046] MCW rank 304 bound to socket 1[core 16[hwt 0]]: [./././././././././././.][././././B/././././././.]
[n2045:19019] MCW rank 209 bound to socket 1[core 17[hwt 0]]: [./././././././././././.][./././././B/./././././.]
[n1958:08929] MCW rank 390 bound to socket 0[core 6[hwt 0]]: [././././././B/././././.][./././././././././././.]
[n1945:00824] MCW rank 502 bound to socket 1[core 22[hwt 0]]: [./././././././././././.][././././././././././B/.]
[n1965:25269] MCW rank 353 bound to socket 1[core 17[hwt 0]]: [./././././././././././.][./././././B/./././././.]
[n1989:06046] MCW rank 305 bound to socket 1[core 17[hwt 0]]: [./././././././././././.][./././././B/./././././.]
[n2045:19019] MCW rank 210 bound to socket 1[core 18[hwt 0]]: [./././././././././././.][././././././B/././././.]
[n1958:08929] MCW rank 391 bound to socket 0[core 7[hwt 0]]: [./././././././B/./././.][./././././././././././.]
[n1945:00824] MCW rank 503 bound to socket 1[core 23[hwt 0]]: [./././././././././././.][./././././././././././B]
[n1965:25269] MCW rank 354 bound to socket 1[core 18[hwt 0]]: [./././././././././././.][././././././B/././././.]
[n1989:06046] MCW rank 306 bound to socket 1[core 18[hwt 0]]: [./././././././././././.][././././././B/././././.]
[n2045:19019] MCW rank 211 bound to socket 1[core 19[hwt 0]]: [./././././././././././.][./././././././B/./././.]
[n1958:08929] MCW rank 392 bound to socket 0[core 8[hwt 0]]: [././././././././B/././.][./././././././././././.]
[n1945:00824] MCW rank 480 bound to socket 0[core 0[hwt 0]]: [B/././././././././././.][./././././././././././.]
[n1965:25269] MCW rank 355 bound to socket 1[core 19[hwt 0]]: [./././././././././././.][./././././././B/./././.]
[n1989:06046] MCW rank 307 bound to socket 1[core 19[hwt 0]]: [./././././././././././.][./././././././B/./././.]
[n1958:08929] MCW rank 393 bound to socket 0[core 9[hwt 0]]: [./././././././././B/./.][./././././././././././.]
[n1945:00824] MCW rank 481 bound to socket 0[core 1[hwt 0]]: [./B/./././././././././.][./././././././././././.]
[n1965:25269] MCW rank 356 bound to socket 1[core 20[hwt 0]]: [./././././././././././.][././././././././B/././.]
[n1989:06046] MCW rank 308 bound to socket 1[core 20[hwt 0]]: [./././././././././././.][././././././././B/././.]
[n2045:19019] MCW rank 212 bound to socket 1[core 20[hwt 0]]: [./././././././././././.][././././././././B/././.]
[n2045:19019] MCW rank 213 bound to socket 1[core 21[hwt 0]]: [./././././././././././.][./././././././././B/./.]
[n1958:08929] MCW rank 394 bound to socket 0[core 10[hwt 0]]: [././././././././././B/.][./././././././././././.]
[n1945:00824] MCW rank 482 bound to socket 0[core 2[hwt 0]]: [././B/././././././././.][./././././././././././.]
[n1965:25269] MCW rank 357 bound to socket 1[core 21[hwt 0]]: [./././././././././././.][./././././././././B/./.]
[n1989:06046] MCW rank 309 bound to socket 1[core 21[hwt 0]]: [./././././././././././.][./././././././././B/./.]
[n2045:19019] MCW rank 214 bound to socket 1[core 22[hwt 0]]: [./././././././././././.][././././././././././B/.]
[n1958:08929] MCW rank 395 bound to socket 0[core 11[hwt 0]]: [./././././././././././B][./././././././././././.]
[n1945:00824] MCW rank 483 bound to socket 0[core 3[hwt 0]]: [./././B/./././././././.][./././././././././././.]
[n1965:25269] MCW rank 358 bound to socket 1[core 22[hwt 0]]: [./././././././././././.][././././././././././B/.]
[n1989:06046] MCW rank 310 bound to socket 1[core 22[hwt 0]]: [./././././././././././.][././././././././././B/.]
[n2045:19019] MCW rank 215 bound to socket 1[core 23[hwt 0]]: [./././././././././././.][./././././././././././B]
[n1958:08929] MCW rank 396 bound to socket 1[core 12[hwt 0]]: [./././././././././././.][B/././././././././././.]
[n1945:00824] MCW rank 484 bound to socket 0[core 4[hwt 0]]: [././././B/././././././.][./././././././././././.]
[n1965:25269] MCW rank 359 bound to socket 1[core 23[hwt 0]]: [./././././././././././.][./././././././././././B]
[n1989:06046] MCW rank 311 bound to socket 1[core 23[hwt 0]]: [./././././././././././.][./././././././././././B]
[n2045:19019] MCW rank 192 bound to socket 0[core 0[hwt 0]]: [B/././././././././././.][./././././././././././.]
[n1958:08929] MCW rank 397 bound to socket 1[core 13[hwt 0]]: [./././././././././././.][./B/./././././././././.]
[n1945:00824] MCW rank 485 bound to socket 0[core 5[hwt 0]]: [./././././B/./././././.][./././././././././././.]
[n2034:20279] MCW rank 247 bound to socket 0[core 7[hwt 0]]: [./././././././B/./././.][./././././././././././.]
[n1965:25269] MCW rank 336 bound to socket 0[core 0[hwt 0]]: [B/././././././././././.][./././././././././././.]
[n1989:06046] MCW rank 288 bound to socket 0[core 0[hwt 0]]: [B/././././././././././.][./././././././././././.]
[n2098:01041] MCW rank 24 bound to socket 0[core 0[hwt 0]]: [B/././././././././././.][./././././././././././.]
[n2045:19019] MCW rank 193 bound to socket 0[core 1[hwt 0]]: [./B/./././././././././.][./././././././././././.]
[n1958:08929] MCW rank 398 bound to socket 1[core 14[hwt 0]]: [./././././././././././.][././B/././././././././.]
[n1945:00824] MCW rank 486 bound to socket 0[core 6[hwt 0]]: [././././././B/././././.][./././././././././././.]
[n2034:20279] MCW rank 248 bound to socket 0[core 8[hwt 0]]: [././././././././B/././.][./././././././././././.]
[n1965:25269] MCW rank 337 bound to socket 0[core 1[hwt 0]]: [./B/./././././././././.][./././././././././././.]
[n1989:06046] MCW rank 289 bound to socket 0[core 1[hwt 0]]: [./B/./././././././././.][./././././././././././.]
[n2098:01041] MCW rank 25 bound to socket 0[core 1[hwt 0]]: [./B/./././././././././.][./././././././././././.]
[n2045:19019] MCW rank 194 bound to socket 0[core 2[hwt 0]]: [././B/././././././././.][./././././././././././.]
[n1958:08929] MCW rank 399 bound to socket 1[core 15[hwt 0]]: [./././././././././././.][./././B/./././././././.]
[n1945:00824] MCW rank 487 bound to socket 0[core 7[hwt 0]]: [./././././././B/./././.][./././././././././././.]
[n2034:20279] MCW rank 249 bound to socket 0[core 9[hwt 0]]: [./././././././././B/./.][./././././././././././.]
[n1965:25269] MCW rank 338 bound to socket 0[core 2[hwt 0]]: [././B/././././././././.][./././././././././././.]
[n1989:06046] MCW rank 290 bound to socket 0[core 2[hwt 0]]: [././B/././././././././.][./././././././././././.]
[n2098:01041] MCW rank 26 bound to socket 0[core 2[hwt 0]]: [././B/././././././././.][./././././././././././.]
[n2045:19019] MCW rank 195 bound to socket 0[core 3[hwt 0]]: [./././B/./././././././.][./././././././././././.]
[n1958:08929] MCW rank 400 bound to socket 1[core 16[hwt 0]]: [./././././././././././.][././././B/././././././.]
[n1945:00824] MCW rank 488 bound to socket 0[core 8[hwt 0]]: [././././././././B/././.][./././././././././././.]
[n2034:20279] MCW rank 250 bound to socket 0[core 10[hwt 0]]: [././././././././././B/.][./././././././././././.]
[n1965:25269] MCW rank 339 bound to socket 0[core 3[hwt 0]]: [./././B/./././././././.][./././././././././././.]
[n1989:06046] MCW rank 291 bound to socket 0[core 3[hwt 0]]: [./././B/./././././././.][./././././././././././.]
[n2098:01041] MCW rank 27 bound to socket 0[core 3[hwt 0]]: [./././B/./././././././.][./././././././././././.]
[n2045:19019] MCW rank 196 bound to socket 0[core 4[hwt 0]]: [././././B/././././././.][./././././././././././.]
[n1958:08929] MCW rank 401 bound to socket 1[core 17[hwt 0]]: [./././././././././././.][./././././B/./././././.]
[n1945:00824] MCW rank 489 bound to socket 0[core 9[hwt 0]]: [./././././././././B/./.][./././././././././././.]
[n2034:20279] MCW rank 251 bound to socket 0[core 11[hwt 0]]: [./././././././././././B][./././././././././././.]
[n1965:25269] MCW rank 340 bound to socket 0[core 4[hwt 0]]: [././././B/././././././.][./././././././././././.]
[n1989:06046] MCW rank 292 bound to socket 0[core 4[hwt 0]]: [././././B/././././././.][./././././././././././.]
[n2098:01041] MCW rank 28 bound to socket 0[core 4[hwt 0]]: [././././B/././././././.][./././././././././././.]
[n2045:19019] MCW rank 197 bound to socket 0[core 5[hwt 0]]: [./././././B/./././././.][./././././././././././.]
[n1958:08929] MCW rank 402 bound to socket 1[core 18[hwt 0]]: [./././././././././././.][././././././B/././././.]
[n1945:00824] MCW rank 490 bound to socket 0[core 10[hwt 0]]: [././././././././././B/.][./././././././././././.]
[n1965:25269] MCW rank 341 bound to socket 0[core 5[hwt 0]]: [./././././B/./././././.][./././././././././././.]
[n1989:06046] MCW rank 293 bound to socket 0[core 5[hwt 0]]: [./././././B/./././././.][./././././././././././.]
[n2098:01041] MCW rank 29 bound to socket 0[core 5[hwt 0]]: [./././././B/./././././.][./././././././././././.]
[n2045:19019] MCW rank 198 bound to socket 0[core 6[hwt 0]]: [././././././B/././././.][./././././././././././.]
[n1958:08929] MCW rank 403 bound to socket 1[core 19[hwt 0]]: [./././././././././././.][./././././././B/./././.]
[n1945:00824] MCW rank 491 bound to socket 0[core 11[hwt 0]]: [./././././././././././B][./././././././././././.]
[n2034:20279] MCW rank 252 bound to socket 1[core 12[hwt 0]]: [./././././././././././.][B/././././././././././.]
[n1965:25269] MCW rank 342 bound to socket 0[core 6[hwt 0]]: [././././././B/././././.][./././././././././././.]
[n1989:06046] MCW rank 294 bound to socket 0[core 6[hwt 0]]: [././././././B/././././.][./././././././././././.]
[n2098:01041] MCW rank 30 bound to socket 0[core 6[hwt 0]]: [././././././B/././././.][./././././././././././.]
[n1930:28768] MCW rank 585 bound to socket 0[core 9[hwt 0]]: [./././././././././B/./.][./././././././././././.]
[n1958:08929] MCW rank 404 bound to socket 1[core 20[hwt 0]]: [./././././././././././.][././././././././B/././.]
[n2034:20279] MCW rank 253 bound to socket 1[core 13[hwt 0]]: [./././././././././././.][./B/./././././././././.]
[n2098:01041] MCW rank 31 bound to socket 0[core 7[hwt 0]]: [./././././././B/./././.][./././././././././././.]
[n1930:28768] MCW rank 586 bound to socket 0[core 10[hwt 0]]: [././././././././././B/.][./././././././././././.]
[n2034:20279] MCW rank 254 bound to socket 1[core 14[hwt 0]]: [./././././././././././.][././B/././././././././.]
[n2098:01041] MCW rank 32 bound to socket 0[core 8[hwt 0]]: [././././././././B/././.][./././././././././././.]
[n1930:28768] MCW rank 587 bound to socket 0[core 11[hwt 0]]: [./././././././././././B][./././././././././././.]
[n2034:20279] MCW rank 255 bound to socket 1[core 15[hwt 0]]: [./././././././././././.][./././B/./././././././.]
[n2098:01041] MCW rank 33 bound to socket 0[core 9[hwt 0]]: [./././././././././B/./.][./././././././././././.]
[n1930:28768] MCW rank 588 bound to socket 1[core 12[hwt 0]]: [./././././././././././.][B/././././././././././.]
[n2034:20279] MCW rank 256 bound to socket 1[core 16[hwt 0]]: [./././././././././././.][././././B/././././././.]
[n2098:01041] MCW rank 34 bound to socket 0[core 10[hwt 0]]: [././././././././././B/.][./././././././././././.]
[n1932:04936] MCW rank 540 bound to socket 1[core 12[hwt 0]]: [./././././././././././.][B/././././././././././.]
[n1930:28768] MCW rank 589 bound to socket 1[core 13[hwt 0]]: [./././././././././././.][./B/./././././././././.]
[n2034:20279] MCW rank 257 bound to socket 1[core 17[hwt 0]]: [./././././././././././.][./././././B/./././././.]
[n2098:01041] MCW rank 35 bound to socket 0[core 11[hwt 0]]: [./././././././././././B][./././././././././././.]
[n1932:04936] MCW rank 541 bound to socket 1[core 13[hwt 0]]: [./././././././././././.][./B/./././././././././.]
[n2034:20279] MCW rank 258 bound to socket 1[core 18[hwt 0]]: [./././././././././././.][././././././B/././././.]
[n2098:01041] MCW rank 36 bound to socket 1[core 12[hwt 0]]: [./././././././././././.][B/././././././././././.]
[n1932:04936] MCW rank 542 bound to socket 1[core 14[hwt 0]]: [./././././././././././.][././B/././././././././.]
[n1918:00448] MCW rank 681 bound to socket 0[core 9[hwt 0]]: [./././././././././B/./.][./././././././././././.]
[n1930:28768] MCW rank 590 bound to socket 1[core 14[hwt 0]]: [./././././././././././.][././B/././././././././.]
[n2097:21346] MCW rank 49 bound to socket 0[core 1[hwt 0]]: [./B/./././././././././.][./././././././././././.]
[n2034:20279] MCW rank 259 bound to socket 1[core 19[hwt 0]]: [./././././././././././.][./././././././B/./././.]
[n2098:01041] MCW rank 37 bound to socket 1[core 13[hwt 0]]: [./././././././././././.][./B/./././././././././.]
[n1932:04936] MCW rank 543 bound to socket 1[core 15[hwt 0]]: [./././././././././././.][./././B/./././././././.]
[n1918:00448] MCW rank 682 bound to socket 0[core 10[hwt 0]]: [././././././././././B/.][./././././././././././.]
[n1930:28768] MCW rank 591 bound to socket 1[core 15[hwt 0]]: [./././././././././././.][./././B/./././././././.]
[n2097:21346] MCW rank 50 bound to socket 0[core 2[hwt 0]]: [././B/././././././././.][./././././././././././.]
[n2034:20279] MCW rank 260 bound to socket 1[core 20[hwt 0]]: [./././././././././././.][././././././././B/././.]
[n2098:01041] MCW rank 38 bound to socket 1[core 14[hwt 0]]: [./././././././././././.][././B/././././././././.]
[n1932:04936] MCW rank 544 bound to socket 1[core 16[hwt 0]]: [./././././././././././.][././././B/././././././.]
[n1918:00448] MCW rank 683 bound to socket 0[core 11[hwt 0]]: [./././././././././././B][./././././././././././.]
[n1930:28768] MCW rank 592 bound to socket 1[core 16[hwt 0]]: [./././././././././././.][././././B/././././././.]
[n2050:26431] MCW rank 154 bound to socket 0[core 10[hwt 0]]: [././././././././././B/.][./././././././././././.]
[n2095:16898] MCW rank 109 bound to socket 1[core 13[hwt 0]]: [./././././././././././.][./B/./././././././././.]
[n2097:21346] MCW rank 51 bound to socket 0[core 3[hwt 0]]: [./././B/./././././././.][./././././././././././.]
[n2043:31373] MCW rank 229 bound to socket 1[core 13[hwt 0]]: [./././././././././././.][./B/./././././././././.]
[n2034:20279] MCW rank 261 bound to socket 1[core 21[hwt 0]]: [./././././././././././.][./././././././././B/./.]
[n1952:27942] MCW rank 440 bound to socket 0[core 8[hwt 0]]: [././././././././B/././.][./././././././././././.]
[n1932:04936] MCW rank 545 bound to socket 1[core 17[hwt 0]]: [./././././././././././.][./././././B/./././././.]
[n1953:06095] MCW rank 427 bound to socket 1[core 19[hwt 0]]: [./././././././././././.][./././././././B/./././.]
[n1918:00448] MCW rank 684 bound to socket 1[core 12[hwt 0]]: [./././././././././././.][B/././././././././././.]
[n1930:28768] MCW rank 593 bound to socket 1[core 17[hwt 0]]: [./././././././././././.][./././././B/./././././.]
[n1952:27942] MCW rank 441 bound to socket 0[core 9[hwt 0]]: [./././././././././B/./.][./././././././././././.]
[n1932:04936] MCW rank 546 bound to socket 1[core 18[hwt 0]]: [./././././././././././.][././././././B/././././.]
[n1953:06095] MCW rank 428 bound to socket 1[core 20[hwt 0]]: [./././././././././././.][././././././././B/././.]
[n1918:00448] MCW rank 685 bound to socket 1[core 13[hwt 0]]: [./././././././././././.][./B/./././././././././.]
[n1930:28768] MCW rank 594 bound to socket 1[core 18[hwt 0]]: [./././././././././././.][././././././B/././././.]
[n2050:26431] MCW rank 155 bound to socket 0[core 11[hwt 0]]: [./././././././././././B][./././././././././././.]
[n2095:16898] MCW rank 110 bound to socket 1[core 14[hwt 0]]: [./././././././././././.][././B/././././././././.]
[n2097:21346] MCW rank 52 bound to socket 0[core 4[hwt 0]]: [././././B/././././././.][./././././././././././.]
[n2043:31373] MCW rank 230 bound to socket 1[core 14[hwt 0]]: [./././././././././././.][././B/././././././././.]
[n2034:20279] MCW rank 262 bound to socket 1[core 22[hwt 0]]: [./././././././././././.][././././././././././B/.]
[n2050:26431] MCW rank 156 bound to socket 1[core 12[hwt 0]]: [./././././././././././.][B/././././././././././.]
[n2095:16898] MCW rank 111 bound to socket 1[core 15[hwt 0]]: [./././././././././././.][./././B/./././././././.]
[n2097:21346] MCW rank 53 bound to socket 0[core 5[hwt 0]]: [./././././B/./././././.][./././././././././././.]
[n2043:31373] MCW rank 231 bound to socket 1[core 15[hwt 0]]: [./././././././././././.][./././B/./././././././.]
[n2034:20279] MCW rank 263 bound to socket 1[core 23[hwt 0]]: [./././././././././././.][./././././././././././B]
[n2098:01041] MCW rank 39 bound to socket 1[core 15[hwt 0]]: [./././././././././././.][./././B/./././././././.]
[n1952:27942] MCW rank 442 bound to socket 0[core 10[hwt 0]]: [././././././././././B/.][./././././././././././.]
[n1932:04936] MCW rank 547 bound to socket 1[core 19[hwt 0]]: [./././././././././././.][./././././././B/./././.]
[n1953:06095] MCW rank 429 bound to socket 1[core 21[hwt 0]]: [./././././././././././.][./././././././././B/./.]
[n1918:00448] MCW rank 686 bound to socket 1[core 14[hwt 0]]: [./././././././././././.][././B/././././././././.]
[n1930:28768] MCW rank 595 bound to socket 1[core 19[hwt 0]]: [./././././././././././.][./././././././B/./././.]
[n2050:26431] MCW rank 157 bound to socket 1[core 13[hwt 0]]: [./././././././././././.][./B/./././././././././.]
[n2095:16898] MCW rank 112 bound to socket 1[core 16[hwt 0]]: [./././././././././././.][././././B/././././././.]
[n2097:21346] MCW rank 54 bound to socket 0[core 6[hwt 0]]: [././././././B/././././.][./././././././././././.]
[n2043:31373] MCW rank 232 bound to socket 1[core 16[hwt 0]]: [./././././././././././.][././././B/././././././.]
[n2034:20279] MCW rank 240 bound to socket 0[core 0[hwt 0]]: [B/././././././././././.][./././././././././././.]
[n2098:01041] MCW rank 40 bound to socket 1[core 16[hwt 0]]: [./././././././././././.][././././B/././././././.]
[n1952:27942] MCW rank 443 bound to socket 0[core 11[hwt 0]]: [./././././././././././B][./././././././././././.]
[n1932:04936] MCW rank 548 bound to socket 1[core 20[hwt 0]]: [./././././././././././.][././././././././B/././.]
[n1953:06095] MCW rank 430 bound to socket 1[core 22[hwt 0]]: [./././././././././././.][././././././././././B/.]
[n1918:00448] MCW rank 687 bound to socket 1[core 15[hwt 0]]: [./././././././././././.][./././B/./././././././.]
[n1930:28768] MCW rank 596 bound to socket 1[core 20[hwt 0]]: [./././././././././././.][././././././././B/././.]
[n1953:06095] MCW rank 431 bound to socket 1[core 23[hwt 0]]: [./././././././././././.][./././././././././././B]
[n1918:00448] MCW rank 688 bound to socket 1[core 16[hwt 0]]: [./././././././././././.][././././B/././././././.]
[n1930:28768] MCW rank 597 bound to socket 1[core 21[hwt 0]]: [./././././././././././.][./././././././././B/./.]
[n2050:26431] MCW rank 158 bound to socket 1[core 14[hwt 0]]: [./././././././././././.][././B/././././././././.]
[n2095:16898] MCW rank 113 bound to socket 1[core 17[hwt 0]]: [./././././././././././.][./././././B/./././././.]
[n2097:21346] MCW rank 55 bound to socket 0[core 7[hwt 0]]: [./././././././B/./././.][./././././././././././.]
[n2043:31373] MCW rank 233 bound to socket 1[core 17[hwt 0]]: [./././././././././././.][./././././B/./././././.]
[n2034:20279] MCW rank 241 bound to socket 0[core 1[hwt 0]]: [./B/./././././././././.][./././././././././././.]
[n2098:01041] MCW rank 41 bound to socket 1[core 17[hwt 0]]: [./././././././././././.][./././././B/./././././.]
[n1952:27942] MCW rank 444 bound to socket 1[core 12[hwt 0]]: [./././././././././././.][B/././././././././././.]
[n1932:04936] MCW rank 549 bound to socket 1[core 21[hwt 0]]: [./././././././././././.][./././././././././B/./.]
[n2050:26431] MCW rank 159 bound to socket 1[core 15[hwt 0]]: [./././././././././././.][./././B/./././././././.]
[n2095:16898] MCW rank 114 bound to socket 1[core 18[hwt 0]]: [./././././././././././.][././././././B/././././.]
[n2097:21346] MCW rank 56 bound to socket 0[core 8[hwt 0]]: [././././././././B/././.][./././././././././././.]
[n2043:31373] MCW rank 234 bound to socket 1[core 18[hwt 0]]: [./././././././././././.][././././././B/././././.]
[n2034:20279] MCW rank 242 bound to socket 0[core 2[hwt 0]]: [././B/././././././././.][./././././././././././.]
[n2098:01041] MCW rank 42 bound to socket 1[core 18[hwt 0]]: [./././././././././././.][././././././B/././././.]
[n1952:27942] MCW rank 445 bound to socket 1[core 13[hwt 0]]: [./././././././././././.][./B/./././././././././.]
[n1932:04936] MCW rank 550 bound to socket 1[core 22[hwt 0]]: [./././././././././././.][././././././././././B/.]
[n1953:06095] MCW rank 408 bound to socket 0[core 0[hwt 0]]: [B/././././././././././.][./././././././././././.]
[n1918:00448] MCW rank 689 bound to socket 1[core 17[hwt 0]]: [./././././././././././.][./././././B/./././././.]
[n1930:28768] MCW rank 598 bound to socket 1[core 22[hwt 0]]: [./././././././././././.][././././././././././B/.]
[n2050:26431] MCW rank 160 bound to socket 1[core 16[hwt 0]]: [./././././././././././.][././././B/././././././.]
[n2095:16898] MCW rank 115 bound to socket 1[core 19[hwt 0]]: [./././././././././././.][./././././././B/./././.]
[n2097:21346] MCW rank 57 bound to socket 0[core 9[hwt 0]]: [./././././././././B/./.][./././././././././././.]
[n2043:31373] MCW rank 235 bound to socket 1[core 19[hwt 0]]: [./././././././././././.][./././././././B/./././.]
[n2034:20279] MCW rank 243 bound to socket 0[core 3[hwt 0]]: [./././B/./././././././.][./././././././././././.]
[n2098:01041] MCW rank 43 bound to socket 1[core 19[hwt 0]]: [./././././././././././.][./././././././B/./././.]
[n1952:27942] MCW rank 446 bound to socket 1[core 14[hwt 0]]: [./././././././././././.][././B/././././././././.]
[n1932:04936] MCW rank 551 bound to socket 1[core 23[hwt 0]]: [./././././././././././.][./././././././././././B]
[n1953:06095] MCW rank 409 bound to socket 0[core 1[hwt 0]]: [./B/./././././././././.][./././././././././././.]
[n1918:00448] MCW rank 690 bound to socket 1[core 18[hwt 0]]: [./././././././././././.][././././././B/././././.]
[n1930:28768] MCW rank 599 bound to socket 1[core 23[hwt 0]]: [./././././././././././.][./././././././././././B]
[n2043:31373] MCW rank 236 bound to socket 1[core 20[hwt 0]]: [./././././././././././.][././././././././B/././.]
[n2034:20279] MCW rank 244 bound to socket 0[core 4[hwt 0]]: [././././B/././././././.][./././././././././././.]
[n2098:01041] MCW rank 44 bound to socket 1[core 20[hwt 0]]: [./././././././././././.][././././././././B/././.]
[n1952:27942] MCW rank 447 bound to socket 1[core 15[hwt 0]]: [./././././././././././.][./././B/./././././././.]
[n1932:04936] MCW rank 528 bound to socket 0[core 0[hwt 0]]: [B/././././././././././.][./././././././././././.]
[n1953:06095] MCW rank 410 bound to socket 0[core 2[hwt 0]]: [././B/././././././././.][./././././././././././.]
[n1918:00448] MCW rank 691 bound to socket 1[core 19[hwt 0]]: [./././././././././././.][./././././././B/./././.]
[n1930:28768] MCW rank 576 bound to socket 0[core 0[hwt 0]]: [B/././././././././././.][./././././././././././.]
[n2050:26431] MCW rank 161 bound to socket 1[core 17[hwt 0]]: [./././././././././././.][./././././B/./././././.]
[n2095:16898] MCW rank 116 bound to socket 1[core 20[hwt 0]]: [./././././././././././.][././././././././B/././.]
[n2097:21346] MCW rank 58 bound to socket 0[core 10[hwt 0]]: [././././././././././B/.][./././././././././././.]
[n2050:26431] MCW rank 162 bound to socket 1[core 18[hwt 0]]: [./././././././././././.][././././././B/././././.]
[n2054:07400] MCW rank 128 bound to socket 0[core 8[hwt 0]]: [././././././././B/././.][./././././././././././.]
[n2095:16898] MCW rank 117 bound to socket 1[core 21[hwt 0]]: [./././././././././././.][./././././././././B/./.]
[n2097:21346] MCW rank 59 bound to socket 0[core 11[hwt 0]]: [./././././././././././B][./././././././././././.]
[n2043:31373] MCW rank 237 bound to socket 1[core 21[hwt 0]]: [./././././././././././.][./././././././././B/./.]
[n2034:20279] MCW rank 245 bound to socket 0[core 5[hwt 0]]: [./././././B/./././././.][./././././././././././.]
[n2098:01041] MCW rank 45 bound to socket 1[core 21[hwt 0]]: [./././././././././././.][./././././././././B/./.]
[n1952:27942] MCW rank 448 bound to socket 1[core 16[hwt 0]]: [./././././././././././.][././././B/././././././.]
[n1932:04936] MCW rank 529 bound to socket 0[core 1[hwt 0]]: [./B/./././././././././.][./././././././././././.]
[n1953:06095] MCW rank 411 bound to socket 0[core 3[hwt 0]]: [./././B/./././././././.][./././././././././././.]
[n1918:00448] MCW rank 692 bound to socket 1[core 20[hwt 0]]: [./././././././././././.][././././././././B/././.]
[n1930:28768] MCW rank 577 bound to socket 0[core 1[hwt 0]]: [./B/./././././././././.][./././././././././././.]
[n2043:31373] MCW rank 238 bound to socket 1[core 22[hwt 0]]: [./././././././././././.][././././././././././B/.]
[n2034:20279] MCW rank 246 bound to socket 0[core 6[hwt 0]]: [././././././B/././././.][./././././././././././.]
[n1992:28700] MCW rank 271 bound to socket 0[core 7[hwt 0]]: [./././././././B/./././.][./././././././././././.]
[n2098:01041] MCW rank 46 bound to socket 1[core 22[hwt 0]]: [./././././././././././.][././././././././././B/.]
[n1952:27942] MCW rank 449 bound to socket 1[core 17[hwt 0]]: [./././././././././././.][./././././B/./././././.]
[n1932:04936] MCW rank 530 bound to socket 0[core 2[hwt 0]]: [././B/././././././././.][./././././././././././.]
[n1953:06095] MCW rank 412 bound to socket 0[core 4[hwt 0]]: [././././B/././././././.][./././././././././././.]
[n1918:00448] MCW rank 693 bound to socket 1[core 21[hwt 0]]: [./././././././././././.][./././././././././B/./.]
[n1930:28768] MCW rank 578 bound to socket 0[core 2[hwt 0]]: [././B/././././././././.][./././././././././././.]
[n1904:02605] MCW rank 729 bound to socket 0[core 9[hwt 0]]: [./././././././././B/./.][./././././././././././.]
[n2050:26431] MCW rank 163 bound to socket 1[core 19[hwt 0]]: [./././././././././././.][./././././././B/./././.]
[n2054:07400] MCW rank 129 bound to socket 0[core 9[hwt 0]]: [./././././././././B/./.][./././././././././././.]
[n2095:16898] MCW rank 118 bound to socket 1[core 22[hwt 0]]: [./././././././././././.][././././././././././B/.]
[n2097:21346] MCW rank 60 bound to socket 1[core 12[hwt 0]]: [./././././././././././.][B/././././././././././.]
[n2043:31373] MCW rank 239 bound to socket 1[core 23[hwt 0]]: [./././././././././././.][./././././././././././B]
[n1992:28700] MCW rank 272 bound to socket 0[core 8[hwt 0]]: [././././././././B/././.][./././././././././././.]
[n2098:01041] MCW rank 47 bound to socket 1[core 23[hwt 0]]: [./././././././././././.][./././././././././././B]
[n1946:22964] MCW rank 468 bound to socket 1[core 12[hwt 0]]: [./././././././././././.][B/././././././././././.]
[n1952:27942] MCW rank 450 bound to socket 1[core 18[hwt 0]]: [./././././././././././.][././././././B/././././.]
[n1932:04936] MCW rank 531 bound to socket 0[core 3[hwt 0]]: [./././B/./././././././.][./././././././././././.]
[n1953:06095] MCW rank 413 bound to socket 0[core 5[hwt 0]]: [./././././B/./././././.][./././././././././././.]
[n1918:00448] MCW rank 694 bound to socket 1[core 22[hwt 0]]: [./././././././././././.][././././././././././B/.]
[n1930:28768] MCW rank 579 bound to socket 0[core 3[hwt 0]]: [./././B/./././././././.][./././././././././././.]
[n1904:02605] MCW rank 730 bound to socket 0[core 10[hwt 0]]: [././././././././././B/.][./././././././././././.]
[n2050:26431] MCW rank 164 bound to socket 1[core 20[hwt 0]]: [./././././././././././.][././././././././B/././.]
[n2054:07400] MCW rank 130 bound to socket 0[core 10[hwt 0]]: [././././././././././B/.][./././././././././././.]
[n2095:16898] MCW rank 119 bound to socket 1[core 23[hwt 0]]: [./././././././././././.][./././././././././././B]
[n2097:21346] MCW rank 61 bound to socket 1[core 13[hwt 0]]: [./././././././././././.][./B/./././././././././.]
[n2050:26431] MCW rank 165 bound to socket 1[core 21[hwt 0]]: [./././././././././././.][./././././././././B/./.]
[n2054:07400] MCW rank 131 bound to socket 0[core 11[hwt 0]]: [./././././././././././B][./././././././././././.]
[n2095:16898] MCW rank 96 bound to socket 0[core 0[hwt 0]]: [B/././././././././././.][./././././././././././.]
[n2097:21346] MCW rank 62 bound to socket 1[core 14[hwt 0]]: [./././././././././././.][././B/././././././././.]
[n2047:30899] MCW rank 176 bound to socket 0[core 8[hwt 0]]: [././././././././B/././.][./././././././././././.]
[n2043:31373] MCW rank 216 bound to socket 0[core 0[hwt 0]]: [B/././././././././././.][./././././././././././.]
[n1992:28700] MCW rank 273 bound to socket 0[core 9[hwt 0]]: [./././././././././B/./.][./././././././././././.]
[n1946:22964] MCW rank 469 bound to socket 1[core 13[hwt 0]]: [./././././././././././.][./B/./././././././././.]
[n1964:17909] MCW rank 360 bound to socket 0[core 0[hwt 0]]: [B/././././././././././.][./././././././././././.]
[n1952:27942] MCW rank 451 bound to socket 1[core 19[hwt 0]]: [./././././././././././.][./././././././B/./././.]
[n1932:04936] MCW rank 532 bound to socket 0[core 4[hwt 0]]: [././././B/././././././.][./././././././././././.]
[n1953:06095] MCW rank 414 bound to socket 0[core 6[hwt 0]]: [././././././B/././././.][./././././././././././.]
[n1918:00448] MCW rank 695 bound to socket 1[core 23[hwt 0]]: [./././././././././././.][./././././././././././B]
[n1930:28768] MCW rank 580 bound to socket 0[core 4[hwt 0]]: [././././B/././././././.][./././././././././././.]
[n1904:02605] MCW rank 731 bound to socket 0[core 11[hwt 0]]: [./././././././././././B][./././././././././././.]
[n2096:18462] MCW rank 72 bound to socket 0[core 0[hwt 0]]: [B/././././././././././.][./././././././././././.]
[n2050:26431] MCW rank 166 bound to socket 1[core 22[hwt 0]]: [./././././././././././.][././././././././././B/.]
[n2054:07400] MCW rank 132 bound to socket 1[core 12[hwt 0]]: [./././././././././././.][B/././././././././././.]
[n2095:16898] MCW rank 97 bound to socket 0[core 1[hwt 0]]: [./B/./././././././././.][./././././././././././.]
[n2097:21346] MCW rank 63 bound to socket 1[core 15[hwt 0]]: [./././././././././././.][./././B/./././././././.]
[n1933:15076] MCW rank 516 bound to socket 1[core 12[hwt 0]]: [./././././././././././.][B/././././././././././.]
[n2047:30899] MCW rank 177 bound to socket 0[core 9[hwt 0]]: [./././././././././B/./.][./././././././././././.]
[n2043:31373] MCW rank 217 bound to socket 0[core 1[hwt 0]]: [./B/./././././././././.][./././././././././././.]
[n1992:28700] MCW rank 274 bound to socket 0[core 10[hwt 0]]: [././././././././././B/.][./././././././././././.]
[n1921:10206] MCW rank 614 bound to socket 1[core 14[hwt 0]]: [./././././././././././.][././B/././././././././.]
[n1946:22964] MCW rank 470 bound to socket 1[core 14[hwt 0]]: [./././././././././././.][././B/././././././././.]
[n1988:25349] MCW rank 312 bound to socket 0[core 0[hwt 0]]: [B/././././././././././.][./././././././././././.]
[n1964:17909] MCW rank 361 bound to socket 0[core 1[hwt 0]]: [./B/./././././././././.][./././././././././././.]
[n1920:03399] MCW rank 633 bound to socket 0[core 9[hwt 0]]: [./././././././././B/./.][./././././././././././.]
[n1952:27942] MCW rank 452 bound to socket 1[core 20[hwt 0]]: [./././././././././././.][././././././././B/././.]
[n1932:04936] MCW rank 533 bound to socket 0[core 5[hwt 0]]: [./././././B/./././././.][./././././././././././.]
[n1953:06095] MCW rank 415 bound to socket 0[core 7[hwt 0]]: [./././././././B/./././.][./././././././././././.]
[n1918:00448] MCW rank 672 bound to socket 0[core 0[hwt 0]]: [B/././././././././././.][./././././././././././.]
[n1930:28768] MCW rank 581 bound to socket 0[core 5[hwt 0]]: [./././././B/./././././.][./././././././././././.]
[n1904:02605] MCW rank 732 bound to socket 1[core 12[hwt 0]]: [./././././././././././.][B/././././././././././.]
[n2096:18462] MCW rank 73 bound to socket 0[core 1[hwt 0]]: [./B/./././././././././.][./././././././././././.]
[n2050:26431] MCW rank 167 bound to socket 1[core 23[hwt 0]]: [./././././././././././.][./././././././././././B]
[n2054:07400] MCW rank 133 bound to socket 1[core 13[hwt 0]]: [./././././././././././.][./B/./././././././././.]
[n2095:16898] MCW rank 98 bound to socket 0[core 2[hwt 0]]: [././B/././././././././.][./././././././././././.]
[n2097:21346] MCW rank 64 bound to socket 1[core 16[hwt 0]]: [./././././././././././.][././././B/././././././.]
[n1933:15076] MCW rank 517 bound to socket 1[core 13[hwt 0]]: [./././././././././././.][./B/./././././././././.]
[n2047:30899] MCW rank 178 bound to socket 0[core 10[hwt 0]]: [././././././././././B/.][./././././././././././.]
[n2043:31373] MCW rank 218 bound to socket 0[core 2[hwt 0]]: [././B/././././././././.][./././././././././././.]
[n1992:28700] MCW rank 275 bound to socket 0[core 11[hwt 0]]: [./././././././././././B][./././././././././././.]
[n1921:10206] MCW rank 615 bound to socket 1[core 15[hwt 0]]: [./././././././././././.][./././B/./././././././.]
[n1946:22964] MCW rank 471 bound to socket 1[core 15[hwt 0]]: [./././././././././././.][./././B/./././././././.]
[n1988:25349] MCW rank 313 bound to socket 0[core 1[hwt 0]]: [./B/./././././././././.][./././././././././././.]
[n1964:17909] MCW rank 362 bound to socket 0[core 2[hwt 0]]: [././B/././././././././.][./././././././././././.]
[n1920:03399] MCW rank 634 bound to socket 0[core 10[hwt 0]]: [././././././././././B/.][./././././././././././.]
[n1952:27942] MCW rank 453 bound to socket 1[core 21[hwt 0]]: [./././././././././././.][./././././././././B/./.]
[n1932:04936] MCW rank 534 bound to socket 0[core 6[hwt 0]]: [././././././B/././././.][./././././././././././.]
[n1953:06095] MCW rank 416 bound to socket 0[core 8[hwt 0]]: [././././././././B/././.][./././././././././././.]
[n1918:00448] MCW rank 673 bound to socket 0[core 1[hwt 0]]: [./B/./././././././././.][./././././././././././.]
[n1930:28768] MCW rank 582 bound to socket 0[core 6[hwt 0]]: [././././././B/././././.][./././././././././././.]
[n1904:02605] MCW rank 733 bound to socket 1[core 13[hwt 0]]: [./././././././././././.][./B/./././././././././.]
[n2096:18462] MCW rank 74 bound to socket 0[core 2[hwt 0]]: [././B/././././././././.][./././././././././././.]
[n2050:26431] MCW rank 144 bound to socket 0[core 0[hwt 0]]: [B/././././././././././.][./././././././././././.]
[n2054:07400] MCW rank 134 bound to socket 1[core 14[hwt 0]]: [./././././././././././.][././B/././././././././.]
[n2095:16898] MCW rank 99 bound to socket 0[core 3[hwt 0]]: [./././B/./././././././.][./././././././././././.]
[n2097:21346] MCW rank 65 bound to socket 1[core 17[hwt 0]]: [./././././././././././.][./././././B/./././././.]
[n1933:15076] MCW rank 518 bound to socket 1[core 14[hwt 0]]: [./././././././././././.][././B/././././././././.]
[n2047:30899] MCW rank 179 bound to socket 0[core 11[hwt 0]]: [./././././././././././B][./././././././././././.]
[n2043:31373] MCW rank 219 bound to socket 0[core 3[hwt 0]]: [./././B/./././././././.][./././././././././././.]
[n1992:28700] MCW rank 276 bound to socket 1[core 12[hwt 0]]: [./././././././././././.][B/././././././././././.]
[n1921:10206] MCW rank 616 bound to socket 1[core 16[hwt 0]]: [./././././././././././.][././././B/././././././.]
[n1946:22964] MCW rank 472 bound to socket 1[core 16[hwt 0]]: [./././././././././././.][././././B/././././././.]
[n1988:25349] MCW rank 314 bound to socket 0[core 2[hwt 0]]: [././B/././././././././.][./././././././././././.]
[n1964:17909] MCW rank 363 bound to socket 0[core 3[hwt 0]]: [./././B/./././././././.][./././././././././././.]
[n1920:03399] MCW rank 635 bound to socket 0[core 11[hwt 0]]: [./././././././././././B][./././././././././././.]
[n1952:27942] MCW rank 454 bound to socket 1[core 22[hwt 0]]: [./././././././././././.][././././././././././B/.]
[n1932:04936] MCW rank 535 bound to socket 0[core 7[hwt 0]]: [./././././././B/./././.][./././././././././././.]
[n1953:06095] MCW rank 417 bound to socket 0[core 9[hwt 0]]: [./././././././././B/./.][./././././././././././.]
[n1918:00448] MCW rank 674 bound to socket 0[core 2[hwt 0]]: [././B/././././././././.][./././././././././././.]
[n1930:28768] MCW rank 583 bound to socket 0[core 7[hwt 0]]: [./././././././B/./././.][./././././././././././.]
[n1904:02605] MCW rank 734 bound to socket 1[core 14[hwt 0]]: [./././././././././././.][././B/././././././././.]
[n1988:25349] MCW rank 315 bound to socket 0[core 3[hwt 0]]: [./././B/./././././././.][./././././././././././.]
[n1964:17909] MCW rank 364 bound to socket 0[core 4[hwt 0]]: [././././B/././././././.][./././././././././././.]
[n1920:03399] MCW rank 636 bound to socket 1[core 12[hwt 0]]: [./././././././././././.][B/././././././././././.]
[n1952:27942] MCW rank 455 bound to socket 1[core 23[hwt 0]]: [./././././././././././.][./././././././././././B]
[n1932:04936] MCW rank 536 bound to socket 0[core 8[hwt 0]]: [././././././././B/././.][./././././././././././.]
[n1953:06095] MCW rank 418 bound to socket 0[core 10[hwt 0]]: [././././././././././B/.][./././././././././././.]
[n1918:00448] MCW rank 675 bound to socket 0[core 3[hwt 0]]: [./././B/./././././././.][./././././././././././.]
[n1930:28768] MCW rank 584 bound to socket 0[core 8[hwt 0]]: [././././././././B/././.][./././././././././././.]
[n1904:02605] MCW rank 735 bound to socket 1[core 15[hwt 0]]: [./././././././././././.][./././B/./././././././.]
[n1905:14216] MCW rank 705 bound to socket 0[core 9[hwt 0]]: [./././././././././B/./.][./././././././././././.]
[n2096:18462] MCW rank 75 bound to socket 0[core 3[hwt 0]]: [./././B/./././././././.][./././././././././././.]
[n2050:26431] MCW rank 145 bound to socket 0[core 1[hwt 0]]: [./B/./././././././././.][./././././././././././.]
[n2054:07400] MCW rank 135 bound to socket 1[core 15[hwt 0]]: [./././././././././././.][./././B/./././././././.]
[n2095:16898] MCW rank 100 bound to socket 0[core 4[hwt 0]]: [././././B/././././././.][./././././././././././.]
[n2097:21346] MCW rank 66 bound to socket 1[core 18[hwt 0]]: [./././././././././././.][././././././B/././././.]
[n1933:15076] MCW rank 519 bound to socket 1[core 15[hwt 0]]: [./././././././././././.][./././B/./././././././.]
[n2047:30899] MCW rank 180 bound to socket 1[core 12[hwt 0]]: [./././././././././././.][B/././././././././././.]
[n2043:31373] MCW rank 220 bound to socket 0[core 4[hwt 0]]: [././././B/././././././.][./././././././././././.]
[n1992:28700] MCW rank 277 bound to socket 1[core 13[hwt 0]]: [./././././././././././.][./B/./././././././././.]
[n1921:10206] MCW rank 617 bound to socket 1[core 17[hwt 0]]: [./././././././././././.][./././././B/./././././.]
[n1946:22964] MCW rank 473 bound to socket 1[core 17[hwt 0]]: [./././././././././././.][./././././B/./././././.]
[n2095:16898] MCW rank 101 bound to socket 0[core 5[hwt 0]]: [./././././B/./././././.][./././././././././././.]
[n2097:21346] MCW rank 67 bound to socket 1[core 19[hwt 0]]: [./././././././././././.][./././././././B/./././.]
[n1933:15076] MCW rank 520 bound to socket 1[core 16[hwt 0]]: [./././././././././././.][././././B/././././././.]
[n2047:30899] MCW rank 181 bound to socket 1[core 13[hwt 0]]: [./././././././././././.][./B/./././././././././.]
[n2043:31373] MCW rank 221 bound to socket 0[core 5[hwt 0]]: [./././././B/./././././.][./././././././././././.]
[n1992:28700] MCW rank 278 bound to socket 1[core 14[hwt 0]]: [./././././././././././.][././B/././././././././.]
[n1921:10206] MCW rank 618 bound to socket 1[core 18[hwt 0]]: [./././././././././././.][././././././B/././././.]
[n1946:22964] MCW rank 474 bound to socket 1[core 18[hwt 0]]: [./././././././././././.][././././././B/././././.]
[n1988:25349] MCW rank 316 bound to socket 0[core 4[hwt 0]]: [././././B/././././././.][./././././././././././.]
[n1964:17909] MCW rank 365 bound to socket 0[core 5[hwt 0]]: [./././././B/./././././.][./././././././././././.]
[n1920:03399] MCW rank 637 bound to socket 1[core 13[hwt 0]]: [./././././././././././.][./B/./././././././././.]
[n1952:27942] MCW rank 432 bound to socket 0[core 0[hwt 0]]: [B/././././././././././.][./././././././././././.]
[n1932:04936] MCW rank 537 bound to socket 0[core 9[hwt 0]]: [./././././././././B/./.][./././././././././././.]
[n1953:06095] MCW rank 419 bound to socket 0[core 11[hwt 0]]: [./././././././././././B][./././././././././././.]
[n1918:00448] MCW rank 676 bound to socket 0[core 4[hwt 0]]: [././././B/././././././.][./././././././././././.]
[n1904:02605] MCW rank 736 bound to socket 1[core 16[hwt 0]]: [./././././././././././.][././././B/././././././.]
[n1905:14216] MCW rank 706 bound to socket 0[core 10[hwt 0]]: [././././././././././B/.][./././././././././././.]
[n2096:18462] MCW rank 76 bound to socket 0[core 4[hwt 0]]: [././././B/././././././.][./././././././././././.]
[n2050:26431] MCW rank 146 bound to socket 0[core 2[hwt 0]]: [././B/././././././././.][./././././././././././.]
[n2054:07400] MCW rank 136 bound to socket 1[core 16[hwt 0]]: [./././././././././././.][././././B/././././././.]
[n2054:07400] MCW rank 137 bound to socket 1[core 17[hwt 0]]: [./././././././././././.][./././././B/./././././.]
[n2095:16898] MCW rank 102 bound to socket 0[core 6[hwt 0]]: [././././././B/././././.][./././././././././././.]
[n2097:21346] MCW rank 68 bound to socket 1[core 20[hwt 0]]: [./././././././././././.][././././././././B/././.]
[n1933:15076] MCW rank 521 bound to socket 1[core 17[hwt 0]]: [./././././././././././.][./././././B/./././././.]
[n2047:30899] MCW rank 182 bound to socket 1[core 14[hwt 0]]: [./././././././././././.][././B/././././././././.]
[n2043:31373] MCW rank 222 bound to socket 0[core 6[hwt 0]]: [././././././B/././././.][./././././././././././.]
[n1992:28700] MCW rank 279 bound to socket 1[core 15[hwt 0]]: [./././././././././././.][./././B/./././././././.]
[n1921:10206] MCW rank 619 bound to socket 1[core 19[hwt 0]]: [./././././././././././.][./././././././B/./././.]
[n1946:22964] MCW rank 475 bound to socket 1[core 19[hwt 0]]: [./././././././././././.][./././././././B/./././.]
[n1988:25349] MCW rank 317 bound to socket 0[core 5[hwt 0]]: [./././././B/./././././.][./././././././././././.]
[n1964:17909] MCW rank 366 bound to socket 0[core 6[hwt 0]]: [././././././B/././././.][./././././././././././.]
[n1920:03399] MCW rank 638 bound to socket 1[core 14[hwt 0]]: [./././././././././././.][././B/././././././././.]
[n1952:27942] MCW rank 433 bound to socket 0[core 1[hwt 0]]: [./B/./././././././././.][./././././././././././.]
[n1932:04936] MCW rank 538 bound to socket 0[core 10[hwt 0]]: [././././././././././B/.][./././././././././././.]
[n1953:06095] MCW rank 420 bound to socket 1[core 12[hwt 0]]: [./././././././././././.][B/././././././././././.]
[n1918:00448] MCW rank 677 bound to socket 0[core 5[hwt 0]]: [./././././B/./././././.][./././././././././././.]
[n1904:02605] MCW rank 737 bound to socket 1[core 17[hwt 0]]: [./././././././././././.][./././././B/./././././.]
[n1905:14216] MCW rank 707 bound to socket 0[core 11[hwt 0]]: [./././././././././././B][./././././././././././.]
[n2050:26431] MCW rank 147 bound to socket 0[core 3[hwt 0]]: [./././B/./././././././.][./././././././././././.]
[n2096:18462] MCW rank 77 bound to socket 0[core 5[hwt 0]]: [./././././B/./././././.][./././././././././././.]
[n2050:26431] MCW rank 148 bound to socket 0[core 4[hwt 0]]: [././././B/././././././.][./././././././././././.]
[n2054:07400] MCW rank 138 bound to socket 1[core 18[hwt 0]]: [./././././././././././.][././././././B/././././.]
[n2095:16898] MCW rank 103 bound to socket 0[core 7[hwt 0]]: [./././././././B/./././.][./././././././././././.]
[n2097:21346] MCW rank 69 bound to socket 1[core 21[hwt 0]]: [./././././././././././.][./././././././././B/./.]
[n1933:15076] MCW rank 522 bound to socket 1[core 18[hwt 0]]: [./././././././././././.][././././././B/././././.]
[n2047:30899] MCW rank 183 bound to socket 1[core 15[hwt 0]]: [./././././././././././.][./././B/./././././././.]
[n2043:31373] MCW rank 223 bound to socket 0[core 7[hwt 0]]: [./././././././B/./././.][./././././././././././.]
[n1992:28700] MCW rank 280 bound to socket 1[core 16[hwt 0]]: [./././././././././././.][././././B/././././././.]
[n1921:10206] MCW rank 620 bound to socket 1[core 20[hwt 0]]: [./././././././././././.][././././././././B/././.]
[n1946:22964] MCW rank 476 bound to socket 1[core 20[hwt 0]]: [./././././././././././.][././././././././B/././.]
[n1988:25349] MCW rank 318 bound to socket 0[core 6[hwt 0]]: [././././././B/././././.][./././././././././././.]
[n1964:17909] MCW rank 367 bound to socket 0[core 7[hwt 0]]: [./././././././B/./././.][./././././././././././.]
[n1920:03399] MCW rank 639 bound to socket 1[core 15[hwt 0]]: [./././././././././././.][./././B/./././././././.]
[n1952:27942] MCW rank 434 bound to socket 0[core 2[hwt 0]]: [././B/././././././././.][./././././././././././.]
[n1932:04936] MCW rank 539 bound to socket 0[core 11[hwt 0]]: [./././././././././././B][./././././././././././.]
[n1953:06095] MCW rank 421 bound to socket 1[core 13[hwt 0]]: [./././././././././././.][./B/./././././././././.]
[n1918:00448] MCW rank 678 bound to socket 0[core 6[hwt 0]]: [././././././B/././././.][./././././././././././.]
[n1904:02605] MCW rank 738 bound to socket 1[core 18[hwt 0]]: [./././././././././././.][././././././B/././././.]
[n1905:14216] MCW rank 708 bound to socket 1[core 12[hwt 0]]: [./././././././././././.][B/././././././././././.]
[n2096:18462] MCW rank 78 bound to socket 0[core 6[hwt 0]]: [././././././B/././././.][./././././././././././.]
[n2050:26431] MCW rank 149 bound to socket 0[core 5[hwt 0]]: [./././././B/./././././.][./././././././././././.]
[n2054:07400] MCW rank 139 bound to socket 1[core 19[hwt 0]]: [./././././././././././.][./././././././B/./././.]
[n2095:16898] MCW rank 104 bound to socket 0[core 8[hwt 0]]: [././././././././B/././.][./././././././././././.]
[n2097:21346] MCW rank 70 bound to socket 1[core 22[hwt 0]]: [./././././././././././.][././././././././././B/.]
[n1933:15076] MCW rank 523 bound to socket 1[core 19[hwt 0]]: [./././././././././././.][./././././././B/./././.]
[n2047:30899] MCW rank 184 bound to socket 1[core 16[hwt 0]]: [./././././././././././.][././././B/././././././.]
[n2043:31373] MCW rank 224 bound to socket 0[core 8[hwt 0]]: [././././././././B/././.][./././././././././././.]
[n1992:28700] MCW rank 281 bound to socket 1[core 17[hwt 0]]: [./././././././././././.][./././././B/./././././.]
[n1921:10206] MCW rank 621 bound to socket 1[core 21[hwt 0]]: [./././././././././././.][./././././././././B/./.]
[n1946:22964] MCW rank 477 bound to socket 1[core 21[hwt 0]]: [./././././././././././.][./././././././././B/./.]
[n1988:25349] MCW rank 319 bound to socket 0[core 7[hwt 0]]: [./././././././B/./././.][./././././././././././.]
[n1964:17909] MCW rank 368 bound to socket 0[core 8[hwt 0]]: [././././././././B/././.][./././././././././././.]
[n1920:03399] MCW rank 640 bound to socket 1[core 16[hwt 0]]: [./././././././././././.][././././B/././././././.]
[n1952:27942] MCW rank 435 bound to socket 0[core 3[hwt 0]]: [./././B/./././././././.][./././././././././././.]
[n1953:06095] MCW rank 422 bound to socket 1[core 14[hwt 0]]: [./././././././././././.][././B/././././././././.]
[n1918:00448] MCW rank 679 bound to socket 0[core 7[hwt 0]]: [./././././././B/./././.][./././././././././././.]
[n1904:02605] MCW rank 739 bound to socket 1[core 19[hwt 0]]: [./././././././././././.][./././././././B/./././.]
[n1905:14216] MCW rank 709 bound to socket 1[core 13[hwt 0]]: [./././././././././././.][./B/./././././././././.]
[n2096:18462] MCW rank 79 bound to socket 0[core 7[hwt 0]]: [./././././././B/./././.][./././././././././././.]
[n2050:26431] MCW rank 150 bound to socket 0[core 6[hwt 0]]: [././././././B/././././.][./././././././././././.]
[n2054:07400] MCW rank 140 bound to socket 1[core 20[hwt 0]]: [./././././././././././.][././././././././B/././.]
[n2095:16898] MCW rank 105 bound to socket 0[core 9[hwt 0]]: [./././././././././B/./.][./././././././././././.]
[n2097:21346] MCW rank 71 bound to socket 1[core 23[hwt 0]]: [./././././././././././.][./././././././././././B]
[n1933:15076] MCW rank 524 bound to socket 1[core 20[hwt 0]]: [./././././././././././.][././././././././B/././.]
[n2047:30899] MCW rank 185 bound to socket 1[core 17[hwt 0]]: [./././././././././././.][./././././B/./././././.]
[n2043:31373] MCW rank 225 bound to socket 0[core 9[hwt 0]]: [./././././././././B/./.][./././././././././././.]
[n1992:28700] MCW rank 282 bound to socket 1[core 18[hwt 0]]: [./././././././././././.][././././././B/././././.]
[n1921:10206] MCW rank 622 bound to socket 1[core 22[hwt 0]]: [./././././././././././.][././././././././././B/.]
[n1946:22964] MCW rank 478 bound to socket 1[core 22[hwt 0]]: [./././././././././././.][././././././././././B/.]
[n1988:25349] MCW rank 320 bound to socket 0[core 8[hwt 0]]: [././././././././B/././.][./././././././././././.]
[n1964:17909] MCW rank 369 bound to socket 0[core 9[hwt 0]]: [./././././././././B/./.][./././././././././././.]
[n1920:03399] MCW rank 641 bound to socket 1[core 17[hwt 0]]: [./././././././././././.][./././././B/./././././.]
[n1952:27942] MCW rank 436 bound to socket 0[core 4[hwt 0]]: [././././B/././././././.][./././././././././././.]
[n1953:06095] MCW rank 423 bound to socket 1[core 15[hwt 0]]: [./././././././././././.][./././B/./././././././.]
[n1918:00448] MCW rank 680 bound to socket 0[core 8[hwt 0]]: [././././././././B/././.][./././././././././././.]
[n1904:02605] MCW rank 740 bound to socket 1[core 20[hwt 0]]: [./././././././././././.][././././././././B/././.]
[n1905:14216] MCW rank 710 bound to socket 1[core 14[hwt 0]]: [./././././././././././.][././B/././././././././.]
[n2096:18462] MCW rank 80 bound to socket 0[core 8[hwt 0]]: [././././././././B/././.][./././././././././././.]
[n2050:26431] MCW rank 151 bound to socket 0[core 7[hwt 0]]: [./././././././B/./././.][./././././././././././.]
[n2054:07400] MCW rank 141 bound to socket 1[core 21[hwt 0]]: [./././././././././././.][./././././././././B/./.]
[n2095:16898] MCW rank 106 bound to socket 0[core 10[hwt 0]]: [././././././././././B/.][./././././././././././.]
[n2097:21346] MCW rank 48 bound to socket 0[core 0[hwt 0]]: [B/././././././././././.][./././././././././././.]
[n1933:15076] MCW rank 525 bound to socket 1[core 21[hwt 0]]: [./././././././././././.][./././././././././B/./.]
[n2047:30899] MCW rank 186 bound to socket 1[core 18[hwt 0]]: [./././././././././././.][././././././B/././././.]
[n2043:31373] MCW rank 226 bound to socket 0[core 10[hwt 0]]: [././././././././././B/.][./././././././././././.]
[n1992:28700] MCW rank 283 bound to socket 1[core 19[hwt 0]]: [./././././././././././.][./././././././B/./././.]
[n1921:10206] MCW rank 623 bound to socket 1[core 23[hwt 0]]: [./././././././././././.][./././././././././././B]
[n1946:22964] MCW rank 479 bound to socket 1[core 23[hwt 0]]: [./././././././././././.][./././././././././././B]
[n1988:25349] MCW rank 321 bound to socket 0[core 9[hwt 0]]: [./././././././././B/./.][./././././././././././.]
[n1964:17909] MCW rank 370 bound to socket 0[core 10[hwt 0]]: [././././././././././B/.][./././././././././././.]
[n1920:03399] MCW rank 642 bound to socket 1[core 18[hwt 0]]: [./././././././././././.][././././././B/././././.]
[n1952:27942] MCW rank 437 bound to socket 0[core 5[hwt 0]]: [./././././B/./././././.][./././././././././././.]
[n1953:06095] MCW rank 424 bound to socket 1[core 16[hwt 0]]: [./././././././././././.][././././B/././././././.]
[n1904:02605] MCW rank 741 bound to socket 1[core 21[hwt 0]]: [./././././././././././.][./././././././././B/./.]
[n1905:14216] MCW rank 711 bound to socket 1[core 15[hwt 0]]: [./././././././././././.][./././B/./././././././.]
[n2096:18462] MCW rank 81 bound to socket 0[core 9[hwt 0]]: [./././././././././B/./.][./././././././././././.]
[n2050:26431] MCW rank 152 bound to socket 0[core 8[hwt 0]]: [././././././././B/././.][./././././././././././.]
[n2054:07400] MCW rank 142 bound to socket 1[core 22[hwt 0]]: [./././././././././././.][././././././././././B/.]
[n2095:16898] MCW rank 107 bound to socket 0[core 11[hwt 0]]: [./././././././././././B][./././././././././././.]
[n1933:15076] MCW rank 526 bound to socket 1[core 22[hwt 0]]: [./././././././././././.][././././././././././B/.]
[n2047:30899] MCW rank 187 bound to socket 1[core 19[hwt 0]]: [./././././././././././.][./././././././B/./././.]
[n2043:31373] MCW rank 227 bound to socket 0[core 11[hwt 0]]: [./././././././././././B][./././././././././././.]
[n1992:28700] MCW rank 284 bound to socket 1[core 20[hwt 0]]: [./././././././././././.][././././././././B/././.]
[n1921:10206] MCW rank 600 bound to socket 0[core 0[hwt 0]]: [B/././././././././././.][./././././././././././.]
[n1946:22964] MCW rank 456 bound to socket 0[core 0[hwt 0]]: [B/././././././././././.][./././././././././././.]
[n1988:25349] MCW rank 322 bound to socket 0[core 10[hwt 0]]: [././././././././././B/.][./././././././././././.]
[n1964:17909] MCW rank 371 bound to socket 0[core 11[hwt 0]]: [./././././././././././B][./././././././././././.]
[n1920:03399] MCW rank 643 bound to socket 1[core 19[hwt 0]]: [./././././././././././.][./././././././B/./././.]
[n1952:27942] MCW rank 438 bound to socket 0[core 6[hwt 0]]: [././././././B/././././.][./././././././././././.]
[n1953:06095] MCW rank 425 bound to socket 1[core 17[hwt 0]]: [./././././././././././.][./././././B/./././././.]
[n1931:23801] MCW rank 564 bound to socket 1[core 12[hwt 0]]: [./././././././././././.][B/././././././././././.]
[n1904:02605] MCW rank 742 bound to socket 1[core 22[hwt 0]]: [./././././././././././.][././././././././././B/.]
[n1905:14216] MCW rank 712 bound to socket 1[core 16[hwt 0]]: [./././././././././././.][././././B/././././././.]
[n2096:18462] MCW rank 82 bound to socket 0[core 10[hwt 0]]: [././././././././././B/.][./././././././././././.]
[n2050:26431] MCW rank 153 bound to socket 0[core 9[hwt 0]]: [./././././././././B/./.][./././././././././././.]
[n2054:07400] MCW rank 143 bound to socket 1[core 23[hwt 0]]: [./././././././././././.][./././././././././././B]
[n2095:16898] MCW rank 108 bound to socket 1[core 12[hwt 0]]: [./././././././././././.][B/././././././././././.]
[n1933:15076] MCW rank 527 bound to socket 1[core 23[hwt 0]]: [./././././././././././.][./././././././././././B]
[n2047:30899] MCW rank 188 bound to socket 1[core 20[hwt 0]]: [./././././././././././.][././././././././B/././.]
[n2043:31373] MCW rank 228 bound to socket 1[core 12[hwt 0]]: [./././././././././././.][B/././././././././././.]
[n1992:28700] MCW rank 285 bound to socket 1[core 21[hwt 0]]: [./././././././././././.][./././././././././B/./.]
[n1921:10206] MCW rank 601 bound to socket 0[core 1[hwt 0]]: [./B/./././././././././.][./././././././././././.]
[n1946:22964] MCW rank 457 bound to socket 0[core 1[hwt 0]]: [./B/./././././././././.][./././././././././././.]
[n1988:25349] MCW rank 323 bound to socket 0[core 11[hwt 0]]: [./././././././././././B][./././././././././././.]
[n1964:17909] MCW rank 372 bound to socket 1[core 12[hwt 0]]: [./././././././././././.][B/././././././././././.]
[n1920:03399] MCW rank 644 bound to socket 1[core 20[hwt 0]]: [./././././././././././.][././././././././B/././.]
[n1952:27942] MCW rank 439 bound to socket 0[core 7[hwt 0]]: [./././././././B/./././.][./././././././././././.]
[n1919:19329] MCW rank 657 bound to socket 0[core 9[hwt 0]]: [./././././././././B/./.][./././././././././././.]
[n1953:06095] MCW rank 426 bound to socket 1[core 18[hwt 0]]: [./././././././././././.][././././././B/././././.]
[n1931:23801] MCW rank 565 bound to socket 1[core 13[hwt 0]]: [./././././././././././.][./B/./././././././././.]
[n1895:26846] MCW rank 753 bound to socket 0[core 9[hwt 0]]: [./././././././././B/./.][./././././././././././.]
[n1904:02605] MCW rank 743 bound to socket 1[core 23[hwt 0]]: [./././././././././././.][./././././././././././B]
[n1905:14216] MCW rank 713 bound to socket 1[core 17[hwt 0]]: [./././././././././././.][./././././B/./././././.]
[n2096:18462] MCW rank 83 bound to socket 0[core 11[hwt 0]]: [./././././././././././B][./././././././././././.]
[n2054:07400] MCW rank 120 bound to socket 0[core 0[hwt 0]]: [B/././././././././././.][./././././././././././.]
[n1933:15076] MCW rank 504 bound to socket 0[core 0[hwt 0]]: [B/././././././././././.][./././././././././././.]
[n2047:30899] MCW rank 189 bound to socket 1[core 21[hwt 0]]: [./././././././././././.][./././././././././B/./.]
[n1992:28700] MCW rank 286 bound to socket 1[core 22[hwt 0]]: [./././././././././././.][././././././././././B/.]
[n1921:10206] MCW rank 602 bound to socket 0[core 2[hwt 0]]: [././B/././././././././.][./././././././././././.]
[n1946:22964] MCW rank 458 bound to socket 0[core 2[hwt 0]]: [././B/././././././././.][./././././././././././.]
[n1988:25349] MCW rank 324 bound to socket 1[core 12[hwt 0]]: [./././././././././././.][B/././././././././././.]
[n1964:17909] MCW rank 373 bound to socket 1[core 13[hwt 0]]: [./././././././././././.][./B/./././././././././.]
[n1920:03399] MCW rank 645 bound to socket 1[core 21[hwt 0]]: [./././././././././././.][./././././././././B/./.]
[n1919:19329] MCW rank 658 bound to socket 0[core 10[hwt 0]]: [././././././././././B/.][./././././././././././.]
[n1931:23801] MCW rank 566 bound to socket 1[core 14[hwt 0]]: [./././././././././././.][././B/././././././././.]
[n1895:26846] MCW rank 754 bound to socket 0[core 10[hwt 0]]: [././././././././././B/.][./././././././././././.]
[n1904:02605] MCW rank 720 bound to socket 0[core 0[hwt 0]]: [B/././././././././././.][./././././././././././.]
[n1905:14216] MCW rank 714 bound to socket 1[core 18[hwt 0]]: [./././././././././././.][././././././B/././././.]
[n2096:18462] MCW rank 84 bound to socket 1[core 12[hwt 0]]: [./././././././././././.][B/././././././././././.]
[n2054:07400] MCW rank 121 bound to socket 0[core 1[hwt 0]]: [./B/./././././././././.][./././././././././././.]
[n1933:15076] MCW rank 505 bound to socket 0[core 1[hwt 0]]: [./B/./././././././././.][./././././././././././.]
[n2047:30899] MCW rank 190 bound to socket 1[core 22[hwt 0]]: [./././././././././././.][././././././././././B/.]
[n1992:28700] MCW rank 287 bound to socket 1[core 23[hwt 0]]: [./././././././././././.][./././././././././././B]
[n1921:10206] MCW rank 603 bound to socket 0[core 3[hwt 0]]: [./././B/./././././././.][./././././././././././.]
[n1946:22964] MCW rank 459 bound to socket 0[core 3[hwt 0]]: [./././B/./././././././.][./././././././././././.]
[n1988:25349] MCW rank 325 bound to socket 1[core 13[hwt 0]]: [./././././././././././.][./B/./././././././././.]
[n1964:17909] MCW rank 374 bound to socket 1[core 14[hwt 0]]: [./././././././././././.][././B/././././././././.]
[n1920:03399] MCW rank 646 bound to socket 1[core 22[hwt 0]]: [./././././././././././.][././././././././././B/.]
[n1919:19329] MCW rank 659 bound to socket 0[core 11[hwt 0]]: [./././././././././././B][./././././././././././.]
[n1931:23801] MCW rank 567 bound to socket 1[core 15[hwt 0]]: [./././././././././././.][./././B/./././././././.]
[n1895:26846] MCW rank 755 bound to socket 0[core 11[hwt 0]]: [./././././././././././B][./././././././././././.]
[n1904:02605] MCW rank 721 bound to socket 0[core 1[hwt 0]]: [./B/./././././././././.][./././././././././././.]
[n1905:14216] MCW rank 715 bound to socket 1[core 19[hwt 0]]: [./././././././././././.][./././././././B/./././.]
[n2096:18462] MCW rank 85 bound to socket 1[core 13[hwt 0]]: [./././././././././././.][./B/./././././././././.]
[n2054:07400] MCW rank 122 bound to socket 0[core 2[hwt 0]]: [././B/././././././././.][./././././././././././.]
[n1933:15076] MCW rank 506 bound to socket 0[core 2[hwt 0]]: [././B/././././././././.][./././././././././././.]
[n2047:30899] MCW rank 191 bound to socket 1[core 23[hwt 0]]: [./././././././././././.][./././././././././././B]
[n1992:28700] MCW rank 264 bound to socket 0[core 0[hwt 0]]: [B/././././././././././.][./././././././././././.]
[n1921:10206] MCW rank 604 bound to socket 0[core 4[hwt 0]]: [././././B/././././././.][./././././././././././.]
[n1946:22964] MCW rank 460 bound to socket 0[core 4[hwt 0]]: [././././B/././././././.][./././././././././././.]
[n1988:25349] MCW rank 326 bound to socket 1[core 14[hwt 0]]: [./././././././././././.][././B/././././././././.]
[n1964:17909] MCW rank 375 bound to socket 1[core 15[hwt 0]]: [./././././././././././.][./././B/./././././././.]
[n1920:03399] MCW rank 647 bound to socket 1[core 23[hwt 0]]: [./././././././././././.][./././././././././././B]
[n1919:19329] MCW rank 660 bound to socket 1[core 12[hwt 0]]: [./././././././././././.][B/././././././././././.]
[n1931:23801] MCW rank 568 bound to socket 1[core 16[hwt 0]]: [./././././././././././.][././././B/././././././.]
[n1895:26846] MCW rank 756 bound to socket 1[core 12[hwt 0]]: [./././././././././././.][B/././././././././././.]
[n1904:02605] MCW rank 722 bound to socket 0[core 2[hwt 0]]: [././B/././././././././.][./././././././././././.]
[n1905:14216] MCW rank 716 bound to socket 1[core 20[hwt 0]]: [./././././././././././.][././././././././B/././.]
[n1992:28700] MCW rank 265 bound to socket 0[core 1[hwt 0]]: [./B/./././././././././.][./././././././././././.]
[n1921:10206] MCW rank 605 bound to socket 0[core 5[hwt 0]]: [./././././B/./././././.][./././././././././././.]
[n1946:22964] MCW rank 461 bound to socket 0[core 5[hwt 0]]: [./././././B/./././././.][./././././././././././.]
[n1988:25349] MCW rank 327 bound to socket 1[core 15[hwt 0]]: [./././././././././././.][./././B/./././././././.]
[n1964:17909] MCW rank 376 bound to socket 1[core 16[hwt 0]]: [./././././././././././.][././././B/././././././.]
[n1920:03399] MCW rank 624 bound to socket 0[core 0[hwt 0]]: [B/././././././././././.][./././././././././././.]
[n1919:19329] MCW rank 661 bound to socket 1[core 13[hwt 0]]: [./././././././././././.][./B/./././././././././.]
[n1931:23801] MCW rank 569 bound to socket 1[core 17[hwt 0]]: [./././././././././././.][./././././B/./././././.]
[n1895:26846] MCW rank 757 bound to socket 1[core 13[hwt 0]]: [./././././././././././.][./B/./././././././././.]
[n1904:02605] MCW rank 723 bound to socket 0[core 3[hwt 0]]: [./././B/./././././././.][./././././././././././.]
[n1905:14216] MCW rank 717 bound to socket 1[core 21[hwt 0]]: [./././././././././././.][./././././././././B/./.]
[n2096:18462] MCW rank 86 bound to socket 1[core 14[hwt 0]]: [./././././././././././.][././B/././././././././.]
[n2054:07400] MCW rank 123 bound to socket 0[core 3[hwt 0]]: [./././B/./././././././.][./././././././././././.]
[n1933:15076] MCW rank 507 bound to socket 0[core 3[hwt 0]]: [./././B/./././././././.][./././././././././././.]
[n2047:30899] MCW rank 168 bound to socket 0[core 0[hwt 0]]: [B/././././././././././.][./././././././././././.]
[n2096:18462] MCW rank 87 bound to socket 1[core 15[hwt 0]]: [./././././././././././.][./././B/./././././././.]
[n2054:07400] MCW rank 124 bound to socket 0[core 4[hwt 0]]: [././././B/././././././.][./././././././././././.]
[n1933:15076] MCW rank 508 bound to socket 0[core 4[hwt 0]]: [././././B/././././././.][./././././././././././.]
[n2047:30899] MCW rank 169 bound to socket 0[core 1[hwt 0]]: [./B/./././././././././.][./././././././././././.]
[n1992:28700] MCW rank 266 bound to socket 0[core 2[hwt 0]]: [././B/././././././././.][./././././././././././.]
[n1921:10206] MCW rank 606 bound to socket 0[core 6[hwt 0]]: [././././././B/././././.][./././././././././././.]
[n1946:22964] MCW rank 462 bound to socket 0[core 6[hwt 0]]: [././././././B/././././.][./././././././././././.]
[n1988:25349] MCW rank 328 bound to socket 1[core 16[hwt 0]]: [./././././././././././.][././././B/././././././.]
[n1964:17909] MCW rank 377 bound to socket 1[core 17[hwt 0]]: [./././././././././././.][./././././B/./././././.]
[n1920:03399] MCW rank 625 bound to socket 0[core 1[hwt 0]]: [./B/./././././././././.][./././././././././././.]
[n1919:19329] MCW rank 662 bound to socket 1[core 14[hwt 0]]: [./././././././././././.][././B/././././././././.]
[n1931:23801] MCW rank 570 bound to socket 1[core 18[hwt 0]]: [./././././././././././.][././././././B/././././.]
[n1895:26846] MCW rank 758 bound to socket 1[core 14[hwt 0]]: [./././././././././././.][././B/././././././././.]
[n1904:02605] MCW rank 724 bound to socket 0[core 4[hwt 0]]: [././././B/././././././.][./././././././././././.]
[n1905:14216] MCW rank 718 bound to socket 1[core 22[hwt 0]]: [./././././././././././.][././././././././././B/.]
[n2096:18462] MCW rank 88 bound to socket 1[core 16[hwt 0]]: [./././././././././././.][././././B/././././././.]
[n2054:07400] MCW rank 125 bound to socket 0[core 5[hwt 0]]: [./././././B/./././././.][./././././././././././.]
[n1933:15076] MCW rank 509 bound to socket 0[core 5[hwt 0]]: [./././././B/./././././.][./././././././././././.]
[n2047:30899] MCW rank 170 bound to socket 0[core 2[hwt 0]]: [././B/././././././././.][./././././././././././.]
[n1992:28700] MCW rank 267 bound to socket 0[core 3[hwt 0]]: [./././B/./././././././.][./././././././././././.]
[n1921:10206] MCW rank 607 bound to socket 0[core 7[hwt 0]]: [./././././././B/./././.][./././././././././././.]
[n1946:22964] MCW rank 463 bound to socket 0[core 7[hwt 0]]: [./././././././B/./././.][./././././././././././.]
[n1988:25349] MCW rank 329 bound to socket 1[core 17[hwt 0]]: [./././././././././././.][./././././B/./././././.]
[n1964:17909] MCW rank 378 bound to socket 1[core 18[hwt 0]]: [./././././././././././.][././././././B/././././.]
[n1920:03399] MCW rank 626 bound to socket 0[core 2[hwt 0]]: [././B/././././././././.][./././././././././././.]
[n1919:19329] MCW rank 663 bound to socket 1[core 15[hwt 0]]: [./././././././././././.][./././B/./././././././.]
[n1931:23801] MCW rank 571 bound to socket 1[core 19[hwt 0]]: [./././././././././././.][./././././././B/./././.]
[n1895:26846] MCW rank 759 bound to socket 1[core 15[hwt 0]]: [./././././././././././.][./././B/./././././././.]
[n1904:02605] MCW rank 725 bound to socket 0[core 5[hwt 0]]: [./././././B/./././././.][./././././././././././.]
[n1905:14216] MCW rank 719 bound to socket 1[core 23[hwt 0]]: [./././././././././././.][./././././././././././B]
[n2096:18462] MCW rank 89 bound to socket 1[core 17[hwt 0]]: [./././././././././././.][./././././B/./././././.]
[n2054:07400] MCW rank 126 bound to socket 0[core 6[hwt 0]]: [././././././B/././././.][./././././././././././.]
[n1933:15076] MCW rank 510 bound to socket 0[core 6[hwt 0]]: [././././././B/././././.][./././././././././././.]
[n2047:30899] MCW rank 171 bound to socket 0[core 3[hwt 0]]: [./././B/./././././././.][./././././././././././.]
[n1992:28700] MCW rank 268 bound to socket 0[core 4[hwt 0]]: [././././B/././././././.][./././././././././././.]
[n1921:10206] MCW rank 608 bound to socket 0[core 8[hwt 0]]: [././././././././B/././.][./././././././././././.]
[n1946:22964] MCW rank 464 bound to socket 0[core 8[hwt 0]]: [././././././././B/././.][./././././././././././.]
[n1988:25349] MCW rank 330 bound to socket 1[core 18[hwt 0]]: [./././././././././././.][././././././B/././././.]
[n1964:17909] MCW rank 379 bound to socket 1[core 19[hwt 0]]: [./././././././././././.][./././././././B/./././.]
[n1920:03399] MCW rank 627 bound to socket 0[core 3[hwt 0]]: [./././B/./././././././.][./././././././././././.]
[n1919:19329] MCW rank 664 bound to socket 1[core 16[hwt 0]]: [./././././././././././.][././././B/././././././.]
[n1931:23801] MCW rank 572 bound to socket 1[core 20[hwt 0]]: [./././././././././././.][././././././././B/././.]
[n1895:26846] MCW rank 760 bound to socket 1[core 16[hwt 0]]: [./././././././././././.][././././B/././././././.]
[n1904:02605] MCW rank 726 bound to socket 0[core 6[hwt 0]]: [././././././B/././././.][./././././././././././.]
[n1905:14216] MCW rank 696 bound to socket 0[core 0[hwt 0]]: [B/././././././././././.][./././././././././././.]
[n1992:28700] MCW rank 269 bound to socket 0[core 5[hwt 0]]: [./././././B/./././././.][./././././././././././.]
[n1921:10206] MCW rank 609 bound to socket 0[core 9[hwt 0]]: [./././././././././B/./.][./././././././././././.]
[n1946:22964] MCW rank 465 bound to socket 0[core 9[hwt 0]]: [./././././././././B/./.][./././././././././././.]
[n1988:25349] MCW rank 331 bound to socket 1[core 19[hwt 0]]: [./././././././././././.][./././././././B/./././.]
[n1964:17909] MCW rank 380 bound to socket 1[core 20[hwt 0]]: [./././././././././././.][././././././././B/././.]
[n1920:03399] MCW rank 628 bound to socket 0[core 4[hwt 0]]: [././././B/././././././.][./././././././././././.]
[n1919:19329] MCW rank 665 bound to socket 1[core 17[hwt 0]]: [./././././././././././.][./././././B/./././././.]
[n1931:23801] MCW rank 573 bound to socket 1[core 21[hwt 0]]: [./././././././././././.][./././././././././B/./.]
[n1895:26846] MCW rank 761 bound to socket 1[core 17[hwt 0]]: [./././././././././././.][./././././B/./././././.]
[n1904:02605] MCW rank 727 bound to socket 0[core 7[hwt 0]]: [./././././././B/./././.][./././././././././././.]
[n1905:14216] MCW rank 697 bound to socket 0[core 1[hwt 0]]: [./B/./././././././././.][./././././././././././.]
[n2096:18462] MCW rank 90 bound to socket 1[core 18[hwt 0]]: [./././././././././././.][././././././B/././././.]
[n2054:07400] MCW rank 127 bound to socket 0[core 7[hwt 0]]: [./././././././B/./././.][./././././././././././.]
[n1933:15076] MCW rank 511 bound to socket 0[core 7[hwt 0]]: [./././././././B/./././.][./././././././././././.]
[n2047:30899] MCW rank 172 bound to socket 0[core 4[hwt 0]]: [././././B/././././././.][./././././././././././.]
[n2096:18462] MCW rank 91 bound to socket 1[core 19[hwt 0]]: [./././././././././././.][./././././././B/./././.]
[n1933:15076] MCW rank 512 bound to socket 0[core 8[hwt 0]]: [././././././././B/././.][./././././././././././.]
[n2047:30899] MCW rank 173 bound to socket 0[core 5[hwt 0]]: [./././././B/./././././.][./././././././././././.]
[n1992:28700] MCW rank 270 bound to socket 0[core 6[hwt 0]]: [././././././B/././././.][./././././././././././.]
[n1921:10206] MCW rank 610 bound to socket 0[core 10[hwt 0]]: [././././././././././B/.][./././././././././././.]
[n1946:22964] MCW rank 466 bound to socket 0[core 10[hwt 0]]: [././././././././././B/.][./././././././././././.]
[n1988:25349] MCW rank 332 bound to socket 1[core 20[hwt 0]]: [./././././././././././.][././././././././B/././.]
[n1964:17909] MCW rank 381 bound to socket 1[core 21[hwt 0]]: [./././././././././././.][./././././././././B/./.]
[n1920:03399] MCW rank 629 bound to socket 0[core 5[hwt 0]]: [./././././B/./././././.][./././././././././././.]
[n1919:19329] MCW rank 666 bound to socket 1[core 18[hwt 0]]: [./././././././././././.][././././././B/././././.]
[n1931:23801] MCW rank 574 bound to socket 1[core 22[hwt 0]]: [./././././././././././.][././././././././././B/.]
[n1895:26846] MCW rank 762 bound to socket 1[core 18[hwt 0]]: [./././././././././././.][././././././B/././././.]
[n1904:02605] MCW rank 728 bound to socket 0[core 8[hwt 0]]: [././././././././B/././.][./././././././././././.]
[n1905:14216] MCW rank 698 bound to socket 0[core 2[hwt 0]]: [././B/././././././././.][./././././././././././.]
[n2096:18462] MCW rank 92 bound to socket 1[core 20[hwt 0]]: [./././././././././././.][././././././././B/././.]
[n1933:15076] MCW rank 513 bound to socket 0[core 9[hwt 0]]: [./././././././././B/./.][./././././././././././.]
[n2047:30899] MCW rank 174 bound to socket 0[core 6[hwt 0]]: [././././././B/././././.][./././././././././././.]
[n1921:10206] MCW rank 611 bound to socket 0[core 11[hwt 0]]: [./././././././././././B][./././././././././././.]
[n1946:22964] MCW rank 467 bound to socket 0[core 11[hwt 0]]: [./././././././././././B][./././././././././././.]
[n1988:25349] MCW rank 333 bound to socket 1[core 21[hwt 0]]: [./././././././././././.][./././././././././B/./.]
[n1964:17909] MCW rank 382 bound to socket 1[core 22[hwt 0]]: [./././././././././././.][././././././././././B/.]
[n1920:03399] MCW rank 630 bound to socket 0[core 6[hwt 0]]: [././././././B/././././.][./././././././././././.]
[n1919:19329] MCW rank 667 bound to socket 1[core 19[hwt 0]]: [./././././././././././.][./././././././B/./././.]
[n1931:23801] MCW rank 575 bound to socket 1[core 23[hwt 0]]: [./././././././././././.][./././././././././././B]
[n1895:26846] MCW rank 763 bound to socket 1[core 19[hwt 0]]: [./././././././././././.][./././././././B/./././.]
[n1905:14216] MCW rank 699 bound to socket 0[core 3[hwt 0]]: [./././B/./././././././.][./././././././././././.]
[n2096:18462] MCW rank 93 bound to socket 1[core 21[hwt 0]]: [./././././././././././.][./././././././././B/./.]
[n1933:15076] MCW rank 514 bound to socket 0[core 10[hwt 0]]: [././././././././././B/.][./././././././././././.]
[n2047:30899] MCW rank 175 bound to socket 0[core 7[hwt 0]]: [./././././././B/./././.][./././././././././././.]
[n1921:10206] MCW rank 612 bound to socket 1[core 12[hwt 0]]: [./././././././././././.][B/././././././././././.]
[n1988:25349] MCW rank 334 bound to socket 1[core 22[hwt 0]]: [./././././././././././.][././././././././././B/.]
[n1964:17909] MCW rank 383 bound to socket 1[core 23[hwt 0]]: [./././././././././././.][./././././././././././B]
[n1920:03399] MCW rank 631 bound to socket 0[core 7[hwt 0]]: [./././././././B/./././.][./././././././././././.]
[n1919:19329] MCW rank 668 bound to socket 1[core 20[hwt 0]]: [./././././././././././.][././././././././B/././.]
[n1931:23801] MCW rank 552 bound to socket 0[core 0[hwt 0]]: [B/././././././././././.][./././././././././././.]
[n1895:26846] MCW rank 764 bound to socket 1[core 20[hwt 0]]: [./././././././././././.][././././././././B/././.]
[n1905:14216] MCW rank 700 bound to socket 0[core 4[hwt 0]]: [././././B/././././././.][./././././././././././.]
[n1921:10206] MCW rank 613 bound to socket 1[core 13[hwt 0]]: [./././././././././././.][./B/./././././././././.]
[n1988:25349] MCW rank 335 bound to socket 1[core 23[hwt 0]]: [./././././././././././.][./././././././././././B]
[n1920:03399] MCW rank 632 bound to socket 0[core 8[hwt 0]]: [././././././././B/././.][./././././././././././.]
[n1919:19329] MCW rank 669 bound to socket 1[core 21[hwt 0]]: [./././././././././././.][./././././././././B/./.]
[n1931:23801] MCW rank 553 bound to socket 0[core 1[hwt 0]]: [./B/./././././././././.][./././././././././././.]
[n1895:26846] MCW rank 765 bound to socket 1[core 21[hwt 0]]: [./././././././././././.][./././././././././B/./.]
[n1905:14216] MCW rank 701 bound to socket 0[core 5[hwt 0]]: [./././././B/./././././.][./././././././././././.]
[n2096:18462] MCW rank 94 bound to socket 1[core 22[hwt 0]]: [./././././././././././.][././././././././././B/.]
[n1933:15076] MCW rank 515 bound to socket 0[core 11[hwt 0]]: [./././././././././././B][./././././././././././.]
[n1919:19329] MCW rank 670 bound to socket 1[core 22[hwt 0]]: [./././././././././././.][././././././././././B/.]
[n1931:23801] MCW rank 554 bound to socket 0[core 2[hwt 0]]: [././B/././././././././.][./././././././././././.]
[n1895:26846] MCW rank 766 bound to socket 1[core 22[hwt 0]]: [./././././././././././.][././././././././././B/.]
[n1905:14216] MCW rank 702 bound to socket 0[core 6[hwt 0]]: [././././././B/././././.][./././././././././././.]
[n2096:18462] MCW rank 95 bound to socket 1[core 23[hwt 0]]: [./././././././././././.][./././././././././././B]
[n1919:19329] MCW rank 671 bound to socket 1[core 23[hwt 0]]: [./././././././././././.][./././././././././././B]
[n1931:23801] MCW rank 555 bound to socket 0[core 3[hwt 0]]: [./././B/./././././././.][./././././././././././.]
[n1895:26846] MCW rank 767 bound to socket 1[core 23[hwt 0]]: [./././././././././././.][./././././././././././B]
[n1905:14216] MCW rank 703 bound to socket 0[core 7[hwt 0]]: [./././././././B/./././.][./././././././././././.]
[n1919:19329] MCW rank 648 bound to socket 0[core 0[hwt 0]]: [B/././././././././././.][./././././././././././.]
[n1931:23801] MCW rank 556 bound to socket 0[core 4[hwt 0]]: [././././B/././././././.][./././././././././././.]
[n1895:26846] MCW rank 744 bound to socket 0[core 0[hwt 0]]: [B/././././././././././.][./././././././././././.]
[n1905:14216] MCW rank 704 bound to socket 0[core 8[hwt 0]]: [././././././././B/././.][./././././././././././.]
[n1919:19329] MCW rank 649 bound to socket 0[core 1[hwt 0]]: [./B/./././././././././.][./././././././././././.]
[n1931:23801] MCW rank 557 bound to socket 0[core 5[hwt 0]]: [./././././B/./././././.][./././././././././././.]
[n1895:26846] MCW rank 745 bound to socket 0[core 1[hwt 0]]: [./B/./././././././././.][./././././././././././.]
[n1919:19329] MCW rank 650 bound to socket 0[core 2[hwt 0]]: [././B/././././././././.][./././././././././././.]
[n1931:23801] MCW rank 558 bound to socket 0[core 6[hwt 0]]: [././././././B/././././.][./././././././././././.]
[n1895:26846] MCW rank 746 bound to socket 0[core 2[hwt 0]]: [././B/././././././././.][./././././././././././.]
[n1919:19329] MCW rank 651 bound to socket 0[core 3[hwt 0]]: [./././B/./././././././.][./././././././././././.]
[n1931:23801] MCW rank 559 bound to socket 0[core 7[hwt 0]]: [./././././././B/./././.][./././././././././././.]
[n1895:26846] MCW rank 747 bound to socket 0[core 3[hwt 0]]: [./././B/./././././././.][./././././././././././.]
[n1919:19329] MCW rank 652 bound to socket 0[core 4[hwt 0]]: [././././B/././././././.][./././././././././././.]
[n1931:23801] MCW rank 560 bound to socket 0[core 8[hwt 0]]: [././././././././B/././.][./././././././././././.]
[n1895:26846] MCW rank 748 bound to socket 0[core 4[hwt 0]]: [././././B/././././././.][./././././././././././.]
[n1919:19329] MCW rank 653 bound to socket 0[core 5[hwt 0]]: [./././././B/./././././.][./././././././././././.]
[n1931:23801] MCW rank 561 bound to socket 0[core 9[hwt 0]]: [./././././././././B/./.][./././././././././././.]
[n1895:26846] MCW rank 749 bound to socket 0[core 5[hwt 0]]: [./././././B/./././././.][./././././././././././.]
[n1919:19329] MCW rank 654 bound to socket 0[core 6[hwt 0]]: [././././././B/././././.][./././././././././././.]
[n1931:23801] MCW rank 562 bound to socket 0[core 10[hwt 0]]: [././././././././././B/.][./././././././././././.]
[n1895:26846] MCW rank 750 bound to socket 0[core 6[hwt 0]]: [././././././B/././././.][./././././././././././.]
[n1919:19329] MCW rank 655 bound to socket 0[core 7[hwt 0]]: [./././././././B/./././.][./././././././././././.]
[n1931:23801] MCW rank 563 bound to socket 0[core 11[hwt 0]]: [./././././././././././B][./././././././././././.]
[n1895:26846] MCW rank 751 bound to socket 0[core 7[hwt 0]]: [./././././././B/./././.][./././././././././././.]
[n1919:19329] MCW rank 656 bound to socket 0[core 8[hwt 0]]: [././././././././B/././.][./././././././././././.]
[n1895:26846] MCW rank 752 bound to socket 0[core 8[hwt 0]]: [././././././././B/././.][./././././././././././.]
