------------------------------------------------------
Job is running on node n2135 at Fri Jul 14 14:40:40 MDT 2017
------------------------------------------------------
PBS: Qsub is running on login1.hpc.nrel.gov
PBS: Originating queue is batch-h
PBS: Executing queue is batch-h
PBS: Working directory is /scratch/jrood/NaluBenchmark/abl_3km_256
PBS: Execution mode is PBS_BATCH
PBS: Job identifier is 3380732
PBS: Job name is nalu-256-384
PBS: Node file is /var/spool/torque/aux//3380732
PBS: Node file contains n2135 n2135 n2135 n2135 n2135 n2135 n2135 n2135 n2135 n2135 n2135 n2135 n2135 n2135 n2135 n2135 n2135 n2135 n2135 n2135 n2135 n2135 n2135 n2135 n2098 n2098 n2098 n2098 n2098 n2098 n2098 n2098 n2098 n2098 n2098 n2098 n2098 n2098 n2098 n2098 n2098 n2098 n2098 n2098 n2098 n2098 n2098 n2098 n2097 n2097 n2097 n2097 n2097 n2097 n2097 n2097 n2097 n2097 n2097 n2097 n2097 n2097 n2097 n2097 n2097 n2097 n2097 n2097 n2097 n2097 n2097 n2097 n2096 n2096 n2096 n2096 n2096 n2096 n2096 n2096 n2096 n2096 n2096 n2096 n2096 n2096 n2096 n2096 n2096 n2096 n2096 n2096 n2096 n2096 n2096 n2096 n2095 n2095 n2095 n2095 n2095 n2095 n2095 n2095 n2095 n2095 n2095 n2095 n2095 n2095 n2095 n2095 n2095 n2095 n2095 n2095 n2095 n2095 n2095 n2095 n2054 n2054 n2054 n2054 n2054 n2054 n2054 n2054 n2054 n2054 n2054 n2054 n2054 n2054 n2054 n2054 n2054 n2054 n2054 n2054 n2054 n2054 n2054 n2054 n2050 n2050 n2050 n2050 n2050 n2050 n2050 n2050 n2050 n2050 n2050 n2050 n2050 n2050 n2050 n2050 n2050 n2050 n2050 n2050 n2050 n2050 n2050 n2050 n2045 n2045 n2045 n2045 n2045 n2045 n2045 n2045 n2045 n2045 n2045 n2045 n2045 n2045 n2045 n2045 n2045 n2045 n2045 n2045 n2045 n2045 n2045 n2045 n1952 n1952 n1952 n1952 n1952 n1952 n1952 n1952 n1952 n1952 n1952 n1952 n1952 n1952 n1952 n1952 n1952 n1952 n1952 n1952 n1952 n1952 n1952 n1952 n1921 n1921 n1921 n1921 n1921 n1921 n1921 n1921 n1921 n1921 n1921 n1921 n1921 n1921 n1921 n1921 n1921 n1921 n1921 n1921 n1921 n1921 n1921 n1921 n1920 n1920 n1920 n1920 n1920 n1920 n1920 n1920 n1920 n1920 n1920 n1920 n1920 n1920 n1920 n1920 n1920 n1920 n1920 n1920 n1920 n1920 n1920 n1920 n1919 n1919 n1919 n1919 n1919 n1919 n1919 n1919 n1919 n1919 n1919 n1919 n1919 n1919 n1919 n1919 n1919 n1919 n1919 n1919 n1919 n1919 n1919 n1919 n1918 n1918 n1918 n1918 n1918 n1918 n1918 n1918 n1918 n1918 n1918 n1918 n1918 n1918 n1918 n1918 n1918 n1918 n1918 n1918 n1918 n1918 n1918 n1918 n1881 n1881 n1881 n1881 n1881 n1881 n1881 n1881 n1881 n1881 n1881 n1881 n1881 n1881 n1881 n1881 n1881 n1881 n1881 n1881 n1881 n1881 n1881 n1881 n1880 n1880 n1880 n1880 n1880 n1880 n1880 n1880 n1880 n1880 n1880 n1880 n1880 n1880 n1880 n1880 n1880 n1880 n1880 n1880 n1880 n1880 n1880 n1880 n1779 n1779 n1779 n1779 n1779 n1779 n1779 n1779 n1779 n1779 n1779 n1779 n1779 n1779 n1779 n1779 n1779 n1779 n1779 n1779 n1779 n1779 n1779 n1779
PBS: Current home directory is /home/jrood
PBS: PATH = /home/jrood/spack/bin:/nopt/nrel/apps/git/git-2.6.3/bin:/nopt/nrel/apps/python/2.7.8-gcc-4.8.2/bin:/nopt/nrel/apps/gcc/5.2.0/bin:/nopt/torque/sbin:/nopt/torque/bin:/nopt/moab/bin:/usr/lib64/qt-3.3/bin:/usr/local/bin:/bin:/usr/bin:/usr/local/sbin:/usr/sbin:/sbin:/opt/ibutils/bin
------------------------------------------------------

CASE: 256 
RANKS: 384 
NODES: 16 
RANKSPERNODE: 24 

+ which mpirun
/projects/windFlowModeling/ExaWind/NaluSharedInstallationB/spack/opt/spack/linux-centos6-x86_64/gcc-5.2.0/openmpi-1.10.3-ts4s2yxxk6pq2il7fwrzwahb7bzw3koj/bin/mpirun
+ which naluX
/projects/windFlowModeling/ExaWind/NaluSharedInstallationB/spack/opt/spack/linux-centos6-x86_64/gcc-5.2.0/nalu-master-jx5zleq6veikc2lfdfgdricngs4gg4jh/bin/naluX
+ mpirun -report-bindings -np 384 --map-by ppr:1:core -bind-to core /bin/bash -c 'ulimit -s 10240 && naluX -i abl_3km_256.i -o abl_3km_256_384.log'
[n2135:26518] MCW rank 8 bound to socket 0[core 8[hwt 0]]: [././././././././B/././.][./././././././././././.]
[n2135:26518] MCW rank 9 bound to socket 0[core 9[hwt 0]]: [./././././././././B/./.][./././././././././././.]
[n2135:26518] MCW rank 10 bound to socket 0[core 10[hwt 0]]: [././././././././././B/.][./././././././././././.]
[n2135:26518] MCW rank 11 bound to socket 0[core 11[hwt 0]]: [./././././././././././B][./././././././././././.]
[n2135:26518] MCW rank 12 bound to socket 1[core 12[hwt 0]]: [./././././././././././.][B/././././././././././.]
[n2135:26518] MCW rank 13 bound to socket 1[core 13[hwt 0]]: [./././././././././././.][./B/./././././././././.]
[n2135:26518] MCW rank 14 bound to socket 1[core 14[hwt 0]]: [./././././././././././.][././B/././././././././.]
[n2135:26518] MCW rank 15 bound to socket 1[core 15[hwt 0]]: [./././././././././././.][./././B/./././././././.]
[n2135:26518] MCW rank 16 bound to socket 1[core 16[hwt 0]]: [./././././././././././.][././././B/././././././.]
[n2135:26518] MCW rank 17 bound to socket 1[core 17[hwt 0]]: [./././././././././././.][./././././B/./././././.]
[n2135:26518] MCW rank 18 bound to socket 1[core 18[hwt 0]]: [./././././././././././.][././././././B/././././.]
[n2135:26518] MCW rank 19 bound to socket 1[core 19[hwt 0]]: [./././././././././././.][./././././././B/./././.]
[n2135:26518] MCW rank 20 bound to socket 1[core 20[hwt 0]]: [./././././././././././.][././././././././B/././.]
[n2135:26518] MCW rank 21 bound to socket 1[core 21[hwt 0]]: [./././././././././././.][./././././././././B/./.]
[n2135:26518] MCW rank 22 bound to socket 1[core 22[hwt 0]]: [./././././././././././.][././././././././././B/.]
[n2135:26518] MCW rank 23 bound to socket 1[core 23[hwt 0]]: [./././././././././././.][./././././././././././B]
[n2135:26518] MCW rank 0 bound to socket 0[core 0[hwt 0]]: [B/././././././././././.][./././././././././././.]
[n2135:26518] MCW rank 1 bound to socket 0[core 1[hwt 0]]: [./B/./././././././././.][./././././././././././.]
[n2135:26518] MCW rank 2 bound to socket 0[core 2[hwt 0]]: [././B/././././././././.][./././././././././././.]
[n2135:26518] MCW rank 3 bound to socket 0[core 3[hwt 0]]: [./././B/./././././././.][./././././././././././.]
[n2135:26518] MCW rank 4 bound to socket 0[core 4[hwt 0]]: [././././B/././././././.][./././././././././././.]
[n2135:26518] MCW rank 5 bound to socket 0[core 5[hwt 0]]: [./././././B/./././././.][./././././././././././.]
[n2135:26518] MCW rank 6 bound to socket 0[core 6[hwt 0]]: [././././././B/././././.][./././././././././././.]
[n2135:26518] MCW rank 7 bound to socket 0[core 7[hwt 0]]: [./././././././B/./././.][./././././././././././.]
[n1952:12847] MCW rank 214 bound to socket 1[core 22[hwt 0]]: [./././././././././././.][././././././././././B/.]
[n1920:20506] MCW rank 254 bound to socket 1[core 14[hwt 0]]: [./././././././././././.][././B/././././././././.]
[n1881:16567] MCW rank 323 bound to socket 0[core 11[hwt 0]]: [./././././././././././B][./././././././././././.]
[n2095:01520] MCW rank 114 bound to socket 1[core 18[hwt 0]]: [./././././././././././.][././././././B/././././.]
[n2098:18368] MCW rank 27 bound to socket 0[core 3[hwt 0]]: [./././B/./././././././.][./././././././././././.]
[n1880:28415] MCW rank 347 bound to socket 0[core 11[hwt 0]]: [./././././././././././B][./././././././././././.]
[n1952:12847] MCW rank 215 bound to socket 1[core 23[hwt 0]]: [./././././././././././.][./././././././././././B]
[n1920:20506] MCW rank 255 bound to socket 1[core 15[hwt 0]]: [./././././././././././.][./././B/./././././././.]
[n1881:16567] MCW rank 324 bound to socket 1[core 12[hwt 0]]: [./././././././././././.][B/././././././././././.]
[n2095:01520] MCW rank 115 bound to socket 1[core 19[hwt 0]]: [./././././././././././.][./././././././B/./././.]
[n2098:18368] MCW rank 28 bound to socket 0[core 4[hwt 0]]: [././././B/././././././.][./././././././././././.]
[n1880:28415] MCW rank 348 bound to socket 1[core 12[hwt 0]]: [./././././././././././.][B/././././././././././.]
[n1952:12847] MCW rank 192 bound to socket 0[core 0[hwt 0]]: [B/././././././././././.][./././././././././././.]
[n2097:06237] MCW rank 55 bound to socket 0[core 7[hwt 0]]: [./././././././B/./././.][./././././././././././.]
[n1920:20506] MCW rank 256 bound to socket 1[core 16[hwt 0]]: [./././././././././././.][././././B/././././././.]
[n1881:16567] MCW rank 325 bound to socket 1[core 13[hwt 0]]: [./././././././././././.][./B/./././././././././.]
[n2095:01520] MCW rank 116 bound to socket 1[core 20[hwt 0]]: [./././././././././././.][././././././././B/././.]
[n2098:18368] MCW rank 29 bound to socket 0[core 5[hwt 0]]: [./././././B/./././././.][./././././././././././.]
[n1880:28415] MCW rank 349 bound to socket 1[core 13[hwt 0]]: [./././././././././././.][./B/./././././././././.]
[n2050:11312] MCW rank 151 bound to socket 0[core 7[hwt 0]]: [./././././././B/./././.][./././././././././././.]
[n1952:12847] MCW rank 193 bound to socket 0[core 1[hwt 0]]: [./B/./././././././././.][./././././././././././.]
[n2097:06237] MCW rank 56 bound to socket 0[core 8[hwt 0]]: [././././././././B/././.][./././././././././././.]
[n1920:20506] MCW rank 257 bound to socket 1[core 17[hwt 0]]: [./././././././././././.][./././././B/./././././.]
[n1881:16567] MCW rank 326 bound to socket 1[core 14[hwt 0]]: [./././././././././././.][././B/././././././././.]
[n2095:01520] MCW rank 117 bound to socket 1[core 21[hwt 0]]: [./././././././././././.][./././././././././B/./.]
[n1918:17769] MCW rank 299 bound to socket 0[core 11[hwt 0]]: [./././././././././././B][./././././././././././.]
[n2098:18368] MCW rank 30 bound to socket 0[core 6[hwt 0]]: [././././././B/././././.][./././././././././././.]
[n1880:28415] MCW rank 350 bound to socket 1[core 14[hwt 0]]: [./././././././././././.][././B/././././././././.]
[n2050:11312] MCW rank 152 bound to socket 0[core 8[hwt 0]]: [././././././././B/././.][./././././././././././.]
[n1952:12847] MCW rank 194 bound to socket 0[core 2[hwt 0]]: [././B/././././././././.][./././././././././././.]
[n2097:06237] MCW rank 57 bound to socket 0[core 9[hwt 0]]: [./././././././././B/./.][./././././././././././.]
[n1920:20506] MCW rank 258 bound to socket 1[core 18[hwt 0]]: [./././././././././././.][././././././B/././././.]
[n1881:16567] MCW rank 327 bound to socket 1[core 15[hwt 0]]: [./././././././././././.][./././B/./././././././.]
[n2095:01520] MCW rank 118 bound to socket 1[core 22[hwt 0]]: [./././././././././././.][././././././././././B/.]
[n1918:17769] MCW rank 300 bound to socket 1[core 12[hwt 0]]: [./././././././././././.][B/././././././././././.]
[n2098:18368] MCW rank 31 bound to socket 0[core 7[hwt 0]]: [./././././././B/./././.][./././././././././././.]
[n1880:28415] MCW rank 351 bound to socket 1[core 15[hwt 0]]: [./././././././././././.][./././B/./././././././.]
[n2050:11312] MCW rank 153 bound to socket 0[core 9[hwt 0]]: [./././././././././B/./.][./././././././././././.]
[n2097:06237] MCW rank 58 bound to socket 0[core 10[hwt 0]]: [././././././././././B/.][./././././././././././.]
[n1920:20506] MCW rank 259 bound to socket 1[core 19[hwt 0]]: [./././././././././././.][./././././././B/./././.]
[n1881:16567] MCW rank 328 bound to socket 1[core 16[hwt 0]]: [./././././././././././.][././././B/././././././.]
[n2095:01520] MCW rank 119 bound to socket 1[core 23[hwt 0]]: [./././././././././././.][./././././././././././B]
[n1918:17769] MCW rank 301 bound to socket 1[core 13[hwt 0]]: [./././././././././././.][./B/./././././././././.]
[n2098:18368] MCW rank 32 bound to socket 0[core 8[hwt 0]]: [././././././././B/././.][./././././././././././.]
[n1880:28415] MCW rank 352 bound to socket 1[core 16[hwt 0]]: [./././././././././././.][././././B/././././././.]
[n2050:11312] MCW rank 154 bound to socket 0[core 10[hwt 0]]: [././././././././././B/.][./././././././././././.]
[n1952:12847] MCW rank 195 bound to socket 0[core 3[hwt 0]]: [./././B/./././././././.][./././././././././././.]
[n2097:06237] MCW rank 59 bound to socket 0[core 11[hwt 0]]: [./././././././././././B][./././././././././././.]
[n1920:20506] MCW rank 260 bound to socket 1[core 20[hwt 0]]: [./././././././././././.][././././././././B/././.]
[n1881:16567] MCW rank 329 bound to socket 1[core 17[hwt 0]]: [./././././././././././.][./././././B/./././././.]
[n2095:01520] MCW rank 96 bound to socket 0[core 0[hwt 0]]: [B/././././././././././.][./././././././././././.]
[n1918:17769] MCW rank 302 bound to socket 1[core 14[hwt 0]]: [./././././././././././.][././B/././././././././.]
[n2098:18368] MCW rank 33 bound to socket 0[core 9[hwt 0]]: [./././././././././B/./.][./././././././././././.]
[n1880:28415] MCW rank 353 bound to socket 1[core 17[hwt 0]]: [./././././././././././.][./././././B/./././././.]
[n2050:11312] MCW rank 155 bound to socket 0[core 11[hwt 0]]: [./././././././././././B][./././././././././././.]
[n2050:11312] MCW rank 156 bound to socket 1[core 12[hwt 0]]: [./././././././././././.][B/././././././././././.]
[n1952:12847] MCW rank 196 bound to socket 0[core 4[hwt 0]]: [././././B/././././././.][./././././././././././.]
[n1920:20506] MCW rank 261 bound to socket 1[core 21[hwt 0]]: [./././././././././././.][./././././././././B/./.]
[n1881:16567] MCW rank 330 bound to socket 1[core 18[hwt 0]]: [./././././././././././.][././././././B/././././.]
[n2095:01520] MCW rank 97 bound to socket 0[core 1[hwt 0]]: [./B/./././././././././.][./././././././././././.]
[n1918:17769] MCW rank 303 bound to socket 1[core 15[hwt 0]]: [./././././././././././.][./././B/./././././././.]
[n2098:18368] MCW rank 34 bound to socket 0[core 10[hwt 0]]: [././././././././././B/.][./././././././././././.]
[n1880:28415] MCW rank 354 bound to socket 1[core 18[hwt 0]]: [./././././././././././.][././././././B/././././.]
[n1952:12847] MCW rank 197 bound to socket 0[core 5[hwt 0]]: [./././././B/./././././.][./././././././././././.]
[n2097:06237] MCW rank 60 bound to socket 1[core 12[hwt 0]]: [./././././././././././.][B/././././././././././.]
[n1920:20506] MCW rank 262 bound to socket 1[core 22[hwt 0]]: [./././././././././././.][././././././././././B/.]
[n1881:16567] MCW rank 331 bound to socket 1[core 19[hwt 0]]: [./././././././././././.][./././././././B/./././.]
[n2095:01520] MCW rank 98 bound to socket 0[core 2[hwt 0]]: [././B/././././././././.][./././././././././././.]
[n1918:17769] MCW rank 304 bound to socket 1[core 16[hwt 0]]: [./././././././././././.][././././B/././././././.]
[n2098:18368] MCW rank 35 bound to socket 0[core 11[hwt 0]]: [./././././././././././B][./././././././././././.]
[n1880:28415] MCW rank 355 bound to socket 1[core 19[hwt 0]]: [./././././././././././.][./././././././B/./././.]
[n2050:11312] MCW rank 157 bound to socket 1[core 13[hwt 0]]: [./././././././././././.][./B/./././././././././.]
[n1952:12847] MCW rank 198 bound to socket 0[core 6[hwt 0]]: [././././././B/././././.][./././././././././././.]
[n2097:06237] MCW rank 61 bound to socket 1[core 13[hwt 0]]: [./././././././././././.][./B/./././././././././.]
[n1920:20506] MCW rank 263 bound to socket 1[core 23[hwt 0]]: [./././././././././././.][./././././././././././B]
[n1881:16567] MCW rank 332 bound to socket 1[core 20[hwt 0]]: [./././././././././././.][././././././././B/././.]
[n2095:01520] MCW rank 99 bound to socket 0[core 3[hwt 0]]: [./././B/./././././././.][./././././././././././.]
[n1918:17769] MCW rank 305 bound to socket 1[core 17[hwt 0]]: [./././././././././././.][./././././B/./././././.]
[n2098:18368] MCW rank 36 bound to socket 1[core 12[hwt 0]]: [./././././././././././.][B/././././././././././.]
[n1880:28415] MCW rank 356 bound to socket 1[core 20[hwt 0]]: [./././././././././././.][././././././././B/././.]
[n2050:11312] MCW rank 158 bound to socket 1[core 14[hwt 0]]: [./././././././././././.][././B/././././././././.]
[n1952:12847] MCW rank 199 bound to socket 0[core 7[hwt 0]]: [./././././././B/./././.][./././././././././././.]
[n2097:06237] MCW rank 62 bound to socket 1[core 14[hwt 0]]: [./././././././././././.][././B/././././././././.]
[n1920:20506] MCW rank 240 bound to socket 0[core 0[hwt 0]]: [B/././././././././././.][./././././././././././.]
[n2096:03267] MCW rank 74 bound to socket 0[core 2[hwt 0]]: [././B/././././././././.][./././././././././././.]
[n1881:16567] MCW rank 333 bound to socket 1[core 21[hwt 0]]: [./././././././././././.][./././././././././B/./.]
[n2095:01520] MCW rank 100 bound to socket 0[core 4[hwt 0]]: [././././B/././././././.][./././././././././././.]
[n1918:17769] MCW rank 306 bound to socket 1[core 18[hwt 0]]: [./././././././././././.][././././././B/././././.]
[n2098:18368] MCW rank 37 bound to socket 1[core 13[hwt 0]]: [./././././././././././.][./B/./././././././././.]
[n1880:28415] MCW rank 357 bound to socket 1[core 21[hwt 0]]: [./././././././././././.][./././././././././B/./.]
[n2050:11312] MCW rank 159 bound to socket 1[core 15[hwt 0]]: [./././././././././././.][./././B/./././././././.]
[n2098:18368] MCW rank 38 bound to socket 1[core 14[hwt 0]]: [./././././././././././.][././B/././././././././.]
[n1880:28415] MCW rank 358 bound to socket 1[core 22[hwt 0]]: [./././././././././././.][././././././././././B/.]
[n2050:11312] MCW rank 160 bound to socket 1[core 16[hwt 0]]: [./././././././././././.][././././B/././././././.]
[n1952:12847] MCW rank 200 bound to socket 0[core 8[hwt 0]]: [././././././././B/././.][./././././././././././.]
[n2097:06237] MCW rank 63 bound to socket 1[core 15[hwt 0]]: [./././././././././././.][./././B/./././././././.]
[n1920:20506] MCW rank 241 bound to socket 0[core 1[hwt 0]]: [./B/./././././././././.][./././././././././././.]
[n2096:03267] MCW rank 75 bound to socket 0[core 3[hwt 0]]: [./././B/./././././././.][./././././././././././.]
[n1881:16567] MCW rank 334 bound to socket 1[core 22[hwt 0]]: [./././././././././././.][././././././././././B/.]
[n2095:01520] MCW rank 101 bound to socket 0[core 5[hwt 0]]: [./././././B/./././././.][./././././././././././.]
[n1918:17769] MCW rank 307 bound to socket 1[core 19[hwt 0]]: [./././././././././././.][./././././././B/./././.]
[n1952:12847] MCW rank 201 bound to socket 0[core 9[hwt 0]]: [./././././././././B/./.][./././././././././././.]
[n2097:06237] MCW rank 64 bound to socket 1[core 16[hwt 0]]: [./././././././././././.][././././B/././././././.]
[n1920:20506] MCW rank 242 bound to socket 0[core 2[hwt 0]]: [././B/././././././././.][./././././././././././.]
[n2096:03267] MCW rank 76 bound to socket 0[core 4[hwt 0]]: [././././B/././././././.][./././././././././././.]
[n1921:27204] MCW rank 225 bound to socket 0[core 9[hwt 0]]: [./././././././././B/./.][./././././././././././.]
[n1881:16567] MCW rank 335 bound to socket 1[core 23[hwt 0]]: [./././././././././././.][./././././././././././B]
[n2095:01520] MCW rank 102 bound to socket 0[core 6[hwt 0]]: [././././././B/././././.][./././././././././././.]
[n1918:17769] MCW rank 308 bound to socket 1[core 20[hwt 0]]: [./././././././././././.][././././././././B/././.]
[n2098:18368] MCW rank 39 bound to socket 1[core 15[hwt 0]]: [./././././././././././.][./././B/./././././././.]
[n1880:28415] MCW rank 359 bound to socket 1[core 23[hwt 0]]: [./././././././././././.][./././././././././././B]
[n2050:11312] MCW rank 161 bound to socket 1[core 17[hwt 0]]: [./././././././././././.][./././././B/./././././.]
[n1952:12847] MCW rank 202 bound to socket 0[core 10[hwt 0]]: [././././././././././B/.][./././././././././././.]
[n2097:06237] MCW rank 65 bound to socket 1[core 17[hwt 0]]: [./././././././././././.][./././././B/./././././.]
[n1920:20506] MCW rank 243 bound to socket 0[core 3[hwt 0]]: [./././B/./././././././.][./././././././././././.]
[n2096:03267] MCW rank 77 bound to socket 0[core 5[hwt 0]]: [./././././B/./././././.][./././././././././././.]
[n1921:27204] MCW rank 226 bound to socket 0[core 10[hwt 0]]: [././././././././././B/.][./././././././././././.]
[n1881:16567] MCW rank 312 bound to socket 0[core 0[hwt 0]]: [B/././././././././././.][./././././././././././.]
[n2095:01520] MCW rank 103 bound to socket 0[core 7[hwt 0]]: [./././././././B/./././.][./././././././././././.]
[n1918:17769] MCW rank 309 bound to socket 1[core 21[hwt 0]]: [./././././././././././.][./././././././././B/./.]
[n2098:18368] MCW rank 40 bound to socket 1[core 16[hwt 0]]: [./././././././././././.][././././B/././././././.]
[n1880:28415] MCW rank 336 bound to socket 0[core 0[hwt 0]]: [B/././././././././././.][./././././././././././.]
[n2050:11312] MCW rank 162 bound to socket 1[core 18[hwt 0]]: [./././././././././././.][././././././B/././././.]
[n1952:12847] MCW rank 203 bound to socket 0[core 11[hwt 0]]: [./././././././././././B][./././././././././././.]
[n2097:06237] MCW rank 66 bound to socket 1[core 18[hwt 0]]: [./././././././././././.][././././././B/././././.]
[n1920:20506] MCW rank 244 bound to socket 0[core 4[hwt 0]]: [././././B/././././././.][./././././././././././.]
[n2096:03267] MCW rank 78 bound to socket 0[core 6[hwt 0]]: [././././././B/././././.][./././././././././././.]
[n1921:27204] MCW rank 227 bound to socket 0[core 11[hwt 0]]: [./././././././././././B][./././././././././././.]
[n1881:16567] MCW rank 313 bound to socket 0[core 1[hwt 0]]: [./B/./././././././././.][./././././././././././.]
[n2095:01520] MCW rank 104 bound to socket 0[core 8[hwt 0]]: [././././././././B/././.][./././././././././././.]
[n1918:17769] MCW rank 310 bound to socket 1[core 22[hwt 0]]: [./././././././././././.][././././././././././B/.]
[n1919:04261] MCW rank 278 bound to socket 1[core 14[hwt 0]]: [./././././././././././.][././B/././././././././.]
[n2098:18368] MCW rank 41 bound to socket 1[core 17[hwt 0]]: [./././././././././././.][./././././B/./././././.]
[n1880:28415] MCW rank 337 bound to socket 0[core 1[hwt 0]]: [./B/./././././././././.][./././././././././././.]
[n2050:11312] MCW rank 163 bound to socket 1[core 19[hwt 0]]: [./././././././././././.][./././././././B/./././.]
[n1952:12847] MCW rank 204 bound to socket 1[core 12[hwt 0]]: [./././././././././././.][B/././././././././././.]
[n2097:06237] MCW rank 67 bound to socket 1[core 19[hwt 0]]: [./././././././././././.][./././././././B/./././.]
[n1920:20506] MCW rank 245 bound to socket 0[core 5[hwt 0]]: [./././././B/./././././.][./././././././././././.]
[n1921:27204] MCW rank 228 bound to socket 1[core 12[hwt 0]]: [./././././././././././.][B/././././././././././.]
[n1881:16567] MCW rank 314 bound to socket 0[core 2[hwt 0]]: [././B/././././././././.][./././././././././././.]
[n2095:01520] MCW rank 105 bound to socket 0[core 9[hwt 0]]: [./././././././././B/./.][./././././././././././.]
[n1918:17769] MCW rank 311 bound to socket 1[core 23[hwt 0]]: [./././././././././././.][./././././././././././B]
[n1919:04261] MCW rank 279 bound to socket 1[core 15[hwt 0]]: [./././././././././././.][./././B/./././././././.]
[n2098:18368] MCW rank 42 bound to socket 1[core 18[hwt 0]]: [./././././././././././.][././././././B/././././.]
[n1880:28415] MCW rank 338 bound to socket 0[core 2[hwt 0]]: [././B/././././././././.][./././././././././././.]
[n2050:11312] MCW rank 164 bound to socket 1[core 20[hwt 0]]: [./././././././././././.][././././././././B/././.]
[n1952:12847] MCW rank 205 bound to socket 1[core 13[hwt 0]]: [./././././././././././.][./B/./././././././././.]
[n2097:06237] MCW rank 68 bound to socket 1[core 20[hwt 0]]: [./././././././././././.][././././././././B/././.]
[n1920:20506] MCW rank 246 bound to socket 0[core 6[hwt 0]]: [././././././B/././././.][./././././././././././.]
[n2096:03267] MCW rank 79 bound to socket 0[core 7[hwt 0]]: [./././././././B/./././.][./././././././././././.]
[n1921:27204] MCW rank 229 bound to socket 1[core 13[hwt 0]]: [./././././././././././.][./B/./././././././././.]
[n1881:16567] MCW rank 315 bound to socket 0[core 3[hwt 0]]: [./././B/./././././././.][./././././././././././.]
[n2095:01520] MCW rank 106 bound to socket 0[core 10[hwt 0]]: [././././././././././B/.][./././././././././././.]
[n1918:17769] MCW rank 288 bound to socket 0[core 0[hwt 0]]: [B/././././././././././.][./././././././././././.]
[n1919:04261] MCW rank 280 bound to socket 1[core 16[hwt 0]]: [./././././././././././.][././././B/././././././.]
[n2098:18368] MCW rank 43 bound to socket 1[core 19[hwt 0]]: [./././././././././././.][./././././././B/./././.]
[n1880:28415] MCW rank 339 bound to socket 0[core 3[hwt 0]]: [./././B/./././././././.][./././././././././././.]
[n2050:11312] MCW rank 165 bound to socket 1[core 21[hwt 0]]: [./././././././././././.][./././././././././B/./.]
[n1880:28415] MCW rank 340 bound to socket 0[core 4[hwt 0]]: [././././B/././././././.][./././././././././././.]
[n2050:11312] MCW rank 166 bound to socket 1[core 22[hwt 0]]: [./././././././././././.][././././././././././B/.]
[n1952:12847] MCW rank 206 bound to socket 1[core 14[hwt 0]]: [./././././././././././.][././B/././././././././.]
[n2097:06237] MCW rank 69 bound to socket 1[core 21[hwt 0]]: [./././././././././././.][./././././././././B/./.]
[n1920:20506] MCW rank 247 bound to socket 0[core 7[hwt 0]]: [./././././././B/./././.][./././././././././././.]
[n2096:03267] MCW rank 80 bound to socket 0[core 8[hwt 0]]: [././././././././B/././.][./././././././././././.]
[n1921:27204] MCW rank 230 bound to socket 1[core 14[hwt 0]]: [./././././././././././.][././B/././././././././.]
[n1881:16567] MCW rank 316 bound to socket 0[core 4[hwt 0]]: [././././B/././././././.][./././././././././././.]
[n2095:01520] MCW rank 107 bound to socket 0[core 11[hwt 0]]: [./././././././././././B][./././././././././././.]
[n1918:17769] MCW rank 289 bound to socket 0[core 1[hwt 0]]: [./B/./././././././././.][./././././././././././.]
[n1919:04261] MCW rank 281 bound to socket 1[core 17[hwt 0]]: [./././././././././././.][./././././B/./././././.]
[n1952:12847] MCW rank 207 bound to socket 1[core 15[hwt 0]]: [./././././././././././.][./././B/./././././././.]
[n2097:06237] MCW rank 70 bound to socket 1[core 22[hwt 0]]: [./././././././././././.][././././././././././B/.]
[n1920:20506] MCW rank 248 bound to socket 0[core 8[hwt 0]]: [././././././././B/././.][./././././././././././.]
[n2096:03267] MCW rank 81 bound to socket 0[core 9[hwt 0]]: [./././././././././B/./.][./././././././././././.]
[n1921:27204] MCW rank 231 bound to socket 1[core 15[hwt 0]]: [./././././././././././.][./././B/./././././././.]
[n1881:16567] MCW rank 317 bound to socket 0[core 5[hwt 0]]: [./././././B/./././././.][./././././././././././.]
[n2095:01520] MCW rank 108 bound to socket 1[core 12[hwt 0]]: [./././././././././././.][B/././././././././././.]
[n1918:17769] MCW rank 290 bound to socket 0[core 2[hwt 0]]: [././B/././././././././.][./././././././././././.]
[n1919:04261] MCW rank 282 bound to socket 1[core 18[hwt 0]]: [./././././././././././.][././././././B/././././.]
[n2098:18368] MCW rank 44 bound to socket 1[core 20[hwt 0]]: [./././././././././././.][././././././././B/././.]
[n1880:28415] MCW rank 341 bound to socket 0[core 5[hwt 0]]: [./././././B/./././././.][./././././././././././.]
[n2050:11312] MCW rank 167 bound to socket 1[core 23[hwt 0]]: [./././././././././././.][./././././././././././B]
[n1952:12847] MCW rank 208 bound to socket 1[core 16[hwt 0]]: [./././././././././././.][././././B/././././././.]
[n2097:06237] MCW rank 71 bound to socket 1[core 23[hwt 0]]: [./././././././././././.][./././././././././././B]
[n1920:20506] MCW rank 249 bound to socket 0[core 9[hwt 0]]: [./././././././././B/./.][./././././././././././.]
[n2096:03267] MCW rank 82 bound to socket 0[core 10[hwt 0]]: [././././././././././B/.][./././././././././././.]
[n2054:24424] MCW rank 127 bound to socket 0[core 7[hwt 0]]: [./././././././B/./././.][./././././././././././.]
[n1921:27204] MCW rank 232 bound to socket 1[core 16[hwt 0]]: [./././././././././././.][././././B/././././././.]
[n1881:16567] MCW rank 318 bound to socket 0[core 6[hwt 0]]: [././././././B/././././.][./././././././././././.]
[n2095:01520] MCW rank 109 bound to socket 1[core 13[hwt 0]]: [./././././././././././.][./B/./././././././././.]
[n1918:17769] MCW rank 291 bound to socket 0[core 3[hwt 0]]: [./././B/./././././././.][./././././././././././.]
[n1919:04261] MCW rank 283 bound to socket 1[core 19[hwt 0]]: [./././././././././././.][./././././././B/./././.]
[n2098:18368] MCW rank 45 bound to socket 1[core 21[hwt 0]]: [./././././././././././.][./././././././././B/./.]
[n1880:28415] MCW rank 342 bound to socket 0[core 6[hwt 0]]: [././././././B/././././.][./././././././././././.]
[n2050:11312] MCW rank 144 bound to socket 0[core 0[hwt 0]]: [B/././././././././././.][./././././././././././.]
[n1952:12847] MCW rank 209 bound to socket 1[core 17[hwt 0]]: [./././././././././././.][./././././B/./././././.]
[n2097:06237] MCW rank 48 bound to socket 0[core 0[hwt 0]]: [B/././././././././././.][./././././././././././.]
[n1920:20506] MCW rank 250 bound to socket 0[core 10[hwt 0]]: [././././././././././B/.][./././././././././././.]
[n2096:03267] MCW rank 83 bound to socket 0[core 11[hwt 0]]: [./././././././././././B][./././././././././././.]
[n2054:24424] MCW rank 128 bound to socket 0[core 8[hwt 0]]: [././././././././B/././.][./././././././././././.]
[n1921:27204] MCW rank 233 bound to socket 1[core 17[hwt 0]]: [./././././././././././.][./././././B/./././././.]
[n1881:16567] MCW rank 319 bound to socket 0[core 7[hwt 0]]: [./././././././B/./././.][./././././././././././.]
[n2095:01520] MCW rank 110 bound to socket 1[core 14[hwt 0]]: [./././././././././././.][././B/././././././././.]
[n1918:17769] MCW rank 292 bound to socket 0[core 4[hwt 0]]: [././././B/././././././.][./././././././././././.]
[n1919:04261] MCW rank 284 bound to socket 1[core 20[hwt 0]]: [./././././././././././.][././././././././B/././.]
[n2098:18368] MCW rank 46 bound to socket 1[core 22[hwt 0]]: [./././././././././././.][././././././././././B/.]
[n1880:28415] MCW rank 343 bound to socket 0[core 7[hwt 0]]: [./././././././B/./././.][./././././././././././.]
[n1952:12847] MCW rank 210 bound to socket 1[core 18[hwt 0]]: [./././././././././././.][././././././B/././././.]
[n2097:06237] MCW rank 49 bound to socket 0[core 1[hwt 0]]: [./B/./././././././././.][./././././././././././.]
[n1920:20506] MCW rank 251 bound to socket 0[core 11[hwt 0]]: [./././././././././././B][./././././././././././.]
[n2096:03267] MCW rank 84 bound to socket 1[core 12[hwt 0]]: [./././././././././././.][B/././././././././././.]
[n2054:24424] MCW rank 129 bound to socket 0[core 9[hwt 0]]: [./././././././././B/./.][./././././././././././.]
[n1921:27204] MCW rank 234 bound to socket 1[core 18[hwt 0]]: [./././././././././././.][././././././B/././././.]
[n1881:16567] MCW rank 320 bound to socket 0[core 8[hwt 0]]: [././././././././B/././.][./././././././././././.]
[n2095:01520] MCW rank 111 bound to socket 1[core 15[hwt 0]]: [./././././././././././.][./././B/./././././././.]
[n1918:17769] MCW rank 293 bound to socket 0[core 5[hwt 0]]: [./././././B/./././././.][./././././././././././.]
[n1919:04261] MCW rank 285 bound to socket 1[core 21[hwt 0]]: [./././././././././././.][./././././././././B/./.]
[n2098:18368] MCW rank 47 bound to socket 1[core 23[hwt 0]]: [./././././././././././.][./././././././././././B]
[n1880:28415] MCW rank 344 bound to socket 0[core 8[hwt 0]]: [././././././././B/././.][./././././././././././.]
[n2050:11312] MCW rank 145 bound to socket 0[core 1[hwt 0]]: [./B/./././././././././.][./././././././././././.]
[n1952:12847] MCW rank 211 bound to socket 1[core 19[hwt 0]]: [./././././././././././.][./././././././B/./././.]
[n2097:06237] MCW rank 50 bound to socket 0[core 2[hwt 0]]: [././B/././././././././.][./././././././././././.]
[n1920:20506] MCW rank 252 bound to socket 1[core 12[hwt 0]]: [./././././././././././.][B/././././././././././.]
[n2096:03267] MCW rank 85 bound to socket 1[core 13[hwt 0]]: [./././././././././././.][./B/./././././././././.]
[n2054:24424] MCW rank 130 bound to socket 0[core 10[hwt 0]]: [././././././././././B/.][./././././././././././.]
[n1921:27204] MCW rank 235 bound to socket 1[core 19[hwt 0]]: [./././././././././././.][./././././././B/./././.]
[n1881:16567] MCW rank 321 bound to socket 0[core 9[hwt 0]]: [./././././././././B/./.][./././././././././././.]
[n2095:01520] MCW rank 112 bound to socket 1[core 16[hwt 0]]: [./././././././././././.][././././B/././././././.]
[n1918:17769] MCW rank 294 bound to socket 0[core 6[hwt 0]]: [././././././B/././././.][./././././././././././.]
[n1919:04261] MCW rank 286 bound to socket 1[core 22[hwt 0]]: [./././././././././././.][././././././././././B/.]
[n2098:18368] MCW rank 24 bound to socket 0[core 0[hwt 0]]: [B/././././././././././.][./././././././././././.]
[n1880:28415] MCW rank 345 bound to socket 0[core 9[hwt 0]]: [./././././././././B/./.][./././././././././././.]
[n2050:11312] MCW rank 146 bound to socket 0[core 2[hwt 0]]: [././B/././././././././.][./././././././././././.]
[n1952:12847] MCW rank 212 bound to socket 1[core 20[hwt 0]]: [./././././././././././.][././././././././B/././.]
[n2097:06237] MCW rank 51 bound to socket 0[core 3[hwt 0]]: [./././B/./././././././.][./././././././././././.]
[n1920:20506] MCW rank 253 bound to socket 1[core 13[hwt 0]]: [./././././././././././.][./B/./././././././././.]
[n2096:03267] MCW rank 86 bound to socket 1[core 14[hwt 0]]: [./././././././././././.][././B/././././././././.]
[n2054:24424] MCW rank 131 bound to socket 0[core 11[hwt 0]]: [./././././././././././B][./././././././././././.]
[n1921:27204] MCW rank 236 bound to socket 1[core 20[hwt 0]]: [./././././././././././.][././././././././B/././.]
[n1881:16567] MCW rank 322 bound to socket 0[core 10[hwt 0]]: [././././././././././B/.][./././././././././././.]
[n2095:01520] MCW rank 113 bound to socket 1[core 17[hwt 0]]: [./././././././././././.][./././././B/./././././.]
[n1918:17769] MCW rank 295 bound to socket 0[core 7[hwt 0]]: [./././././././B/./././.][./././././././././././.]
[n1919:04261] MCW rank 287 bound to socket 1[core 23[hwt 0]]: [./././././././././././.][./././././././././././B]
[n2098:18368] MCW rank 25 bound to socket 0[core 1[hwt 0]]: [./B/./././././././././.][./././././././././././.]
[n1880:28415] MCW rank 346 bound to socket 0[core 10[hwt 0]]: [././././././././././B/.][./././././././././././.]
[n2050:11312] MCW rank 147 bound to socket 0[core 3[hwt 0]]: [./././B/./././././././.][./././././././././././.]
[n1952:12847] MCW rank 213 bound to socket 1[core 21[hwt 0]]: [./././././././././././.][./././././././././B/./.]
[n2097:06237] MCW rank 52 bound to socket 0[core 4[hwt 0]]: [././././B/././././././.][./././././././././././.]
[n2096:03267] MCW rank 87 bound to socket 1[core 15[hwt 0]]: [./././././././././././.][./././B/./././././././.]
[n2054:24424] MCW rank 132 bound to socket 1[core 12[hwt 0]]: [./././././././././././.][B/././././././././././.]
[n1921:27204] MCW rank 237 bound to socket 1[core 21[hwt 0]]: [./././././././././././.][./././././././././B/./.]
[n1918:17769] MCW rank 296 bound to socket 0[core 8[hwt 0]]: [././././././././B/././.][./././././././././././.]
[n1919:04261] MCW rank 264 bound to socket 0[core 0[hwt 0]]: [B/././././././././././.][./././././././././././.]
[n2098:18368] MCW rank 26 bound to socket 0[core 2[hwt 0]]: [././B/././././././././.][./././././././././././.]
[n2050:11312] MCW rank 148 bound to socket 0[core 4[hwt 0]]: [././././B/././././././.][./././././././././././.]
[n2097:06237] MCW rank 53 bound to socket 0[core 5[hwt 0]]: [./././././B/./././././.][./././././././././././.]
[n2096:03267] MCW rank 88 bound to socket 1[core 16[hwt 0]]: [./././././././././././.][././././B/././././././.]
[n2054:24424] MCW rank 133 bound to socket 1[core 13[hwt 0]]: [./././././././././././.][./B/./././././././././.]
[n1921:27204] MCW rank 238 bound to socket 1[core 22[hwt 0]]: [./././././././././././.][././././././././././B/.]
[n2045:03856] MCW rank 180 bound to socket 1[core 12[hwt 0]]: [./././././././././././.][B/././././././././././.]
[n1918:17769] MCW rank 297 bound to socket 0[core 9[hwt 0]]: [./././././././././B/./.][./././././././././././.]
[n1919:04261] MCW rank 265 bound to socket 0[core 1[hwt 0]]: [./B/./././././././././.][./././././././././././.]
[n2050:11312] MCW rank 149 bound to socket 0[core 5[hwt 0]]: [./././././B/./././././.][./././././././././././.]
[n2097:06237] MCW rank 54 bound to socket 0[core 6[hwt 0]]: [././././././B/././././.][./././././././././././.]
[n2096:03267] MCW rank 89 bound to socket 1[core 17[hwt 0]]: [./././././././././././.][./././././B/./././././.]
[n2054:24424] MCW rank 134 bound to socket 1[core 14[hwt 0]]: [./././././././././././.][././B/././././././././.]
[n1921:27204] MCW rank 239 bound to socket 1[core 23[hwt 0]]: [./././././././././././.][./././././././././././B]
[n2045:03856] MCW rank 181 bound to socket 1[core 13[hwt 0]]: [./././././././././././.][./B/./././././././././.]
[n1918:17769] MCW rank 298 bound to socket 0[core 10[hwt 0]]: [././././././././././B/.][./././././././././././.]
[n1919:04261] MCW rank 266 bound to socket 0[core 2[hwt 0]]: [././B/././././././././.][./././././././././././.]
[n2050:11312] MCW rank 150 bound to socket 0[core 6[hwt 0]]: [././././././B/././././.][./././././././././././.]
[n2096:03267] MCW rank 90 bound to socket 1[core 18[hwt 0]]: [./././././././././././.][././././././B/././././.]
[n2054:24424] MCW rank 135 bound to socket 1[core 15[hwt 0]]: [./././././././././././.][./././B/./././././././.]
[n1921:27204] MCW rank 216 bound to socket 0[core 0[hwt 0]]: [B/././././././././././.][./././././././././././.]
[n2045:03856] MCW rank 182 bound to socket 1[core 14[hwt 0]]: [./././././././././././.][././B/././././././././.]
[n1919:04261] MCW rank 267 bound to socket 0[core 3[hwt 0]]: [./././B/./././././././.][./././././././././././.]
[n2096:03267] MCW rank 91 bound to socket 1[core 19[hwt 0]]: [./././././././././././.][./././././././B/./././.]
[n2054:24424] MCW rank 136 bound to socket 1[core 16[hwt 0]]: [./././././././././././.][././././B/././././././.]
[n1921:27204] MCW rank 217 bound to socket 0[core 1[hwt 0]]: [./B/./././././././././.][./././././././././././.]
[n2045:03856] MCW rank 183 bound to socket 1[core 15[hwt 0]]: [./././././././././././.][./././B/./././././././.]
[n1919:04261] MCW rank 268 bound to socket 0[core 4[hwt 0]]: [././././B/././././././.][./././././././././././.]
[n1779:03718] MCW rank 371 bound to socket 0[core 11[hwt 0]]: [./././././././././././B][./././././././././././.]
[n1919:04261] MCW rank 269 bound to socket 0[core 5[hwt 0]]: [./././././B/./././././.][./././././././././././.]
[n1779:03718] MCW rank 372 bound to socket 1[core 12[hwt 0]]: [./././././././././././.][B/././././././././././.]
[n2096:03267] MCW rank 92 bound to socket 1[core 20[hwt 0]]: [./././././././././././.][././././././././B/././.]
[n2054:24424] MCW rank 137 bound to socket 1[core 17[hwt 0]]: [./././././././././././.][./././././B/./././././.]
[n1921:27204] MCW rank 218 bound to socket 0[core 2[hwt 0]]: [././B/././././././././.][./././././././././././.]
[n2045:03856] MCW rank 184 bound to socket 1[core 16[hwt 0]]: [./././././././././././.][././././B/././././././.]
[n2096:03267] MCW rank 93 bound to socket 1[core 21[hwt 0]]: [./././././././././././.][./././././././././B/./.]
[n2054:24424] MCW rank 138 bound to socket 1[core 18[hwt 0]]: [./././././././././././.][././././././B/././././.]
[n1921:27204] MCW rank 219 bound to socket 0[core 3[hwt 0]]: [./././B/./././././././.][./././././././././././.]
[n2045:03856] MCW rank 185 bound to socket 1[core 17[hwt 0]]: [./././././././././././.][./././././B/./././././.]
[n1919:04261] MCW rank 270 bound to socket 0[core 6[hwt 0]]: [././././././B/././././.][./././././././././././.]
[n1779:03718] MCW rank 373 bound to socket 1[core 13[hwt 0]]: [./././././././././././.][./B/./././././././././.]
[n2096:03267] MCW rank 94 bound to socket 1[core 22[hwt 0]]: [./././././././././././.][././././././././././B/.]
[n2054:24424] MCW rank 139 bound to socket 1[core 19[hwt 0]]: [./././././././././././.][./././././././B/./././.]
[n1921:27204] MCW rank 220 bound to socket 0[core 4[hwt 0]]: [././././B/././././././.][./././././././././././.]
[n2045:03856] MCW rank 186 bound to socket 1[core 18[hwt 0]]: [./././././././././././.][././././././B/././././.]
[n1919:04261] MCW rank 271 bound to socket 0[core 7[hwt 0]]: [./././././././B/./././.][./././././././././././.]
[n1779:03718] MCW rank 374 bound to socket 1[core 14[hwt 0]]: [./././././././././././.][././B/././././././././.]
[n2096:03267] MCW rank 95 bound to socket 1[core 23[hwt 0]]: [./././././././././././.][./././././././././././B]
[n2054:24424] MCW rank 140 bound to socket 1[core 20[hwt 0]]: [./././././././././././.][././././././././B/././.]
[n1921:27204] MCW rank 221 bound to socket 0[core 5[hwt 0]]: [./././././B/./././././.][./././././././././././.]
[n2045:03856] MCW rank 187 bound to socket 1[core 19[hwt 0]]: [./././././././././././.][./././././././B/./././.]
[n1919:04261] MCW rank 272 bound to socket 0[core 8[hwt 0]]: [././././././././B/././.][./././././././././././.]
[n1779:03718] MCW rank 375 bound to socket 1[core 15[hwt 0]]: [./././././././././././.][./././B/./././././././.]
[n2096:03267] MCW rank 72 bound to socket 0[core 0[hwt 0]]: [B/././././././././././.][./././././././././././.]
[n2054:24424] MCW rank 141 bound to socket 1[core 21[hwt 0]]: [./././././././././././.][./././././././././B/./.]
[n1921:27204] MCW rank 222 bound to socket 0[core 6[hwt 0]]: [././././././B/././././.][./././././././././././.]
[n2045:03856] MCW rank 188 bound to socket 1[core 20[hwt 0]]: [./././././././././././.][././././././././B/././.]
[n1919:04261] MCW rank 273 bound to socket 0[core 9[hwt 0]]: [./././././././././B/./.][./././././././././././.]
[n1779:03718] MCW rank 376 bound to socket 1[core 16[hwt 0]]: [./././././././././././.][././././B/././././././.]
[n1919:04261] MCW rank 274 bound to socket 0[core 10[hwt 0]]: [././././././././././B/.][./././././././././././.]
[n1779:03718] MCW rank 377 bound to socket 1[core 17[hwt 0]]: [./././././././././././.][./././././B/./././././.]
[n2096:03267] MCW rank 73 bound to socket 0[core 1[hwt 0]]: [./B/./././././././././.][./././././././././././.]
[n2054:24424] MCW rank 142 bound to socket 1[core 22[hwt 0]]: [./././././././././././.][././././././././././B/.]
[n1921:27204] MCW rank 223 bound to socket 0[core 7[hwt 0]]: [./././././././B/./././.][./././././././././././.]
[n2045:03856] MCW rank 189 bound to socket 1[core 21[hwt 0]]: [./././././././././././.][./././././././././B/./.]
[n2054:24424] MCW rank 143 bound to socket 1[core 23[hwt 0]]: [./././././././././././.][./././././././././././B]
[n1921:27204] MCW rank 224 bound to socket 0[core 8[hwt 0]]: [././././././././B/././.][./././././././././././.]
[n2045:03856] MCW rank 190 bound to socket 1[core 22[hwt 0]]: [./././././././././././.][././././././././././B/.]
[n1919:04261] MCW rank 275 bound to socket 0[core 11[hwt 0]]: [./././././././././././B][./././././././././././.]
[n1779:03718] MCW rank 378 bound to socket 1[core 18[hwt 0]]: [./././././././././././.][././././././B/././././.]
[n2054:24424] MCW rank 120 bound to socket 0[core 0[hwt 0]]: [B/././././././././././.][./././././././././././.]
[n2045:03856] MCW rank 191 bound to socket 1[core 23[hwt 0]]: [./././././././././././.][./././././././././././B]
[n1919:04261] MCW rank 276 bound to socket 1[core 12[hwt 0]]: [./././././././././././.][B/././././././././././.]
[n1779:03718] MCW rank 379 bound to socket 1[core 19[hwt 0]]: [./././././././././././.][./././././././B/./././.]
[n2054:24424] MCW rank 121 bound to socket 0[core 1[hwt 0]]: [./B/./././././././././.][./././././././././././.]
[n2045:03856] MCW rank 168 bound to socket 0[core 0[hwt 0]]: [B/././././././././././.][./././././././././././.]
[n1919:04261] MCW rank 277 bound to socket 1[core 13[hwt 0]]: [./././././././././././.][./B/./././././././././.]
[n1779:03718] MCW rank 380 bound to socket 1[core 20[hwt 0]]: [./././././././././././.][././././././././B/././.]
[n2054:24424] MCW rank 122 bound to socket 0[core 2[hwt 0]]: [././B/././././././././.][./././././././././././.]
[n2045:03856] MCW rank 169 bound to socket 0[core 1[hwt 0]]: [./B/./././././././././.][./././././././././././.]
[n1779:03718] MCW rank 381 bound to socket 1[core 21[hwt 0]]: [./././././././././././.][./././././././././B/./.]
[n1779:03718] MCW rank 382 bound to socket 1[core 22[hwt 0]]: [./././././././././././.][././././././././././B/.]
[n2054:24424] MCW rank 123 bound to socket 0[core 3[hwt 0]]: [./././B/./././././././.][./././././././././././.]
[n2045:03856] MCW rank 170 bound to socket 0[core 2[hwt 0]]: [././B/././././././././.][./././././././././././.]
[n2054:24424] MCW rank 124 bound to socket 0[core 4[hwt 0]]: [././././B/././././././.][./././././././././././.]
[n2045:03856] MCW rank 171 bound to socket 0[core 3[hwt 0]]: [./././B/./././././././.][./././././././././././.]
[n1779:03718] MCW rank 383 bound to socket 1[core 23[hwt 0]]: [./././././././././././.][./././././././././././B]
[n1779:03718] MCW rank 360 bound to socket 0[core 0[hwt 0]]: [B/././././././././././.][./././././././././././.]
[n2054:24424] MCW rank 125 bound to socket 0[core 5[hwt 0]]: [./././././B/./././././.][./././././././././././.]
[n2045:03856] MCW rank 172 bound to socket 0[core 4[hwt 0]]: [././././B/././././././.][./././././././././././.]
[n2054:24424] MCW rank 126 bound to socket 0[core 6[hwt 0]]: [././././././B/././././.][./././././././././././.]
[n2045:03856] MCW rank 173 bound to socket 0[core 5[hwt 0]]: [./././././B/./././././.][./././././././././././.]
[n1779:03718] MCW rank 361 bound to socket 0[core 1[hwt 0]]: [./B/./././././././././.][./././././././././././.]
[n2045:03856] MCW rank 174 bound to socket 0[core 6[hwt 0]]: [././././././B/././././.][./././././././././././.]
[n1779:03718] MCW rank 362 bound to socket 0[core 2[hwt 0]]: [././B/././././././././.][./././././././././././.]
[n2045:03856] MCW rank 175 bound to socket 0[core 7[hwt 0]]: [./././././././B/./././.][./././././././././././.]
[n1779:03718] MCW rank 363 bound to socket 0[core 3[hwt 0]]: [./././B/./././././././.][./././././././././././.]
[n2045:03856] MCW rank 176 bound to socket 0[core 8[hwt 0]]: [././././././././B/././.][./././././././././././.]
[n1779:03718] MCW rank 364 bound to socket 0[core 4[hwt 0]]: [././././B/././././././.][./././././././././././.]
[n2045:03856] MCW rank 177 bound to socket 0[core 9[hwt 0]]: [./././././././././B/./.][./././././././././././.]
[n1779:03718] MCW rank 365 bound to socket 0[core 5[hwt 0]]: [./././././B/./././././.][./././././././././././.]
[n2045:03856] MCW rank 178 bound to socket 0[core 10[hwt 0]]: [././././././././././B/.][./././././././././././.]
[n1779:03718] MCW rank 366 bound to socket 0[core 6[hwt 0]]: [././././././B/././././.][./././././././././././.]
[n2045:03856] MCW rank 179 bound to socket 0[core 11[hwt 0]]: [./././././././././././B][./././././././././././.]
[n1779:03718] MCW rank 367 bound to socket 0[core 7[hwt 0]]: [./././././././B/./././.][./././././././././././.]
[n1779:03718] MCW rank 368 bound to socket 0[core 8[hwt 0]]: [././././././././B/././.][./././././././././././.]
[n1779:03718] MCW rank 369 bound to socket 0[core 9[hwt 0]]: [./././././././././B/./.][./././././././././././.]
[n1779:03718] MCW rank 370 bound to socket 0[core 10[hwt 0]]: [././././././././././B/.][./././././././././././.]
