------------------------------------------------------
Job is running on node n2409 at Fri Jul 14 11:32:38 MDT 2017
------------------------------------------------------
PBS: Qsub is running on login1.hpc.nrel.gov
PBS: Originating queue is batch-h
PBS: Executing queue is batch-h
PBS: Working directory is /scratch/jrood/NaluBenchmark/abl_3km_256
PBS: Execution mode is PBS_BATCH
PBS: Job identifier is 3380731
PBS: Job name is nalu-256-192
PBS: Node file is /var/spool/torque/aux//3380731
PBS: Node file contains n2409 n2409 n2409 n2409 n2409 n2409 n2409 n2409 n2409 n2409 n2409 n2409 n2409 n2409 n2409 n2409 n2409 n2409 n2409 n2409 n2409 n2409 n2409 n2409 n2397 n2397 n2397 n2397 n2397 n2397 n2397 n2397 n2397 n2397 n2397 n2397 n2397 n2397 n2397 n2397 n2397 n2397 n2397 n2397 n2397 n2397 n2397 n2397 n2385 n2385 n2385 n2385 n2385 n2385 n2385 n2385 n2385 n2385 n2385 n2385 n2385 n2385 n2385 n2385 n2385 n2385 n2385 n2385 n2385 n2385 n2385 n2385 n2334 n2334 n2334 n2334 n2334 n2334 n2334 n2334 n2334 n2334 n2334 n2334 n2334 n2334 n2334 n2334 n2334 n2334 n2334 n2334 n2334 n2334 n2334 n2334 n2330 n2330 n2330 n2330 n2330 n2330 n2330 n2330 n2330 n2330 n2330 n2330 n2330 n2330 n2330 n2330 n2330 n2330 n2330 n2330 n2330 n2330 n2330 n2330 n2326 n2326 n2326 n2326 n2326 n2326 n2326 n2326 n2326 n2326 n2326 n2326 n2326 n2326 n2326 n2326 n2326 n2326 n2326 n2326 n2326 n2326 n2326 n2326 n2274 n2274 n2274 n2274 n2274 n2274 n2274 n2274 n2274 n2274 n2274 n2274 n2274 n2274 n2274 n2274 n2274 n2274 n2274 n2274 n2274 n2274 n2274 n2274 n2164 n2164 n2164 n2164 n2164 n2164 n2164 n2164 n2164 n2164 n2164 n2164 n2164 n2164 n2164 n2164 n2164 n2164 n2164 n2164 n2164 n2164 n2164 n2164
PBS: Current home directory is /home/jrood
PBS: PATH = /home/jrood/spack/bin:/nopt/nrel/apps/git/git-2.6.3/bin:/nopt/nrel/apps/python/2.7.8-gcc-4.8.2/bin:/nopt/nrel/apps/gcc/5.2.0/bin:/nopt/torque/sbin:/nopt/torque/bin:/nopt/moab/bin:/usr/lib64/qt-3.3/bin:/usr/local/bin:/bin:/usr/bin:/usr/local/sbin:/usr/sbin:/sbin:/opt/ibutils/bin
------------------------------------------------------

CASE: 256 
RANKS: 192 
NODES: 8 
RANKSPERNODE: 24 

+ which mpirun
/projects/windFlowModeling/ExaWind/NaluSharedInstallationB/spack/opt/spack/linux-centos6-x86_64/gcc-5.2.0/openmpi-1.10.3-ts4s2yxxk6pq2il7fwrzwahb7bzw3koj/bin/mpirun
+ which naluX
/projects/windFlowModeling/ExaWind/NaluSharedInstallationB/spack/opt/spack/linux-centos6-x86_64/gcc-5.2.0/nalu-master-jx5zleq6veikc2lfdfgdricngs4gg4jh/bin/naluX
+ mpirun -report-bindings -np 192 --map-by ppr:1:core -bind-to core /bin/bash -c 'ulimit -s 10240 && naluX -i abl_3km_256.i -o abl_3km_256_192.log'
[n2409:03135] MCW rank 17 bound to socket 1[core 17[hwt 0]]: [./././././././././././.][./././././B/./././././.]
[n2409:03135] MCW rank 18 bound to socket 1[core 18[hwt 0]]: [./././././././././././.][././././././B/././././.]
[n2409:03135] MCW rank 19 bound to socket 1[core 19[hwt 0]]: [./././././././././././.][./././././././B/./././.]
[n2409:03135] MCW rank 20 bound to socket 1[core 20[hwt 0]]: [./././././././././././.][././././././././B/././.]
[n2409:03135] MCW rank 21 bound to socket 1[core 21[hwt 0]]: [./././././././././././.][./././././././././B/./.]
[n2409:03135] MCW rank 22 bound to socket 1[core 22[hwt 0]]: [./././././././././././.][././././././././././B/.]
[n2409:03135] MCW rank 23 bound to socket 1[core 23[hwt 0]]: [./././././././././././.][./././././././././././B]
[n2409:03135] MCW rank 0 bound to socket 0[core 0[hwt 0]]: [B/././././././././././.][./././././././././././.]
[n2409:03135] MCW rank 1 bound to socket 0[core 1[hwt 0]]: [./B/./././././././././.][./././././././././././.]
[n2409:03135] MCW rank 2 bound to socket 0[core 2[hwt 0]]: [././B/././././././././.][./././././././././././.]
[n2409:03135] MCW rank 3 bound to socket 0[core 3[hwt 0]]: [./././B/./././././././.][./././././././././././.]
[n2409:03135] MCW rank 4 bound to socket 0[core 4[hwt 0]]: [././././B/././././././.][./././././././././././.]
[n2409:03135] MCW rank 5 bound to socket 0[core 5[hwt 0]]: [./././././B/./././././.][./././././././././././.]
[n2409:03135] MCW rank 6 bound to socket 0[core 6[hwt 0]]: [././././././B/././././.][./././././././././././.]
[n2409:03135] MCW rank 7 bound to socket 0[core 7[hwt 0]]: [./././././././B/./././.][./././././././././././.]
[n2409:03135] MCW rank 8 bound to socket 0[core 8[hwt 0]]: [././././././././B/././.][./././././././././././.]
[n2409:03135] MCW rank 9 bound to socket 0[core 9[hwt 0]]: [./././././././././B/./.][./././././././././././.]
[n2409:03135] MCW rank 10 bound to socket 0[core 10[hwt 0]]: [././././././././././B/.][./././././././././././.]
[n2409:03135] MCW rank 11 bound to socket 0[core 11[hwt 0]]: [./././././././././././B][./././././././././././.]
[n2409:03135] MCW rank 12 bound to socket 1[core 12[hwt 0]]: [./././././././././././.][B/././././././././././.]
[n2409:03135] MCW rank 13 bound to socket 1[core 13[hwt 0]]: [./././././././././././.][./B/./././././././././.]
[n2409:03135] MCW rank 14 bound to socket 1[core 14[hwt 0]]: [./././././././././././.][././B/././././././././.]
[n2409:03135] MCW rank 15 bound to socket 1[core 15[hwt 0]]: [./././././././././././.][./././B/./././././././.]
[n2409:03135] MCW rank 16 bound to socket 1[core 16[hwt 0]]: [./././././././././././.][././././B/././././././.]
[n2385:24614] MCW rank 66 bound to socket 1[core 18[hwt 0]]: [./././././././././././.][././././././B/././././.]
[n2330:14423] MCW rank 104 bound to socket 0[core 8[hwt 0]]: [././././././././B/././.][./././././././././././.]
[n2334:31473] MCW rank 84 bound to socket 1[core 12[hwt 0]]: [./././././././././././.][B/././././././././././.]
[n2397:29375] MCW rank 36 bound to socket 1[core 12[hwt 0]]: [./././././././././././.][B/././././././././././.]
[n2326:11954] MCW rank 131 bound to socket 0[core 11[hwt 0]]: [./././././././././././B][./././././././././././.]
[n2274:06714] MCW rank 167 bound to socket 1[core 23[hwt 0]]: [./././././././././././.][./././././././././././B]
[n2326:11954] MCW rank 132 bound to socket 1[core 12[hwt 0]]: [./././././././././././.][B/././././././././././.]
[n2274:06714] MCW rank 144 bound to socket 0[core 0[hwt 0]]: [B/././././././././././.][./././././././././././.]
[n2164:24659] MCW rank 191 bound to socket 1[core 23[hwt 0]]: [./././././././././././.][./././././././././././B]
[n2385:24614] MCW rank 67 bound to socket 1[core 19[hwt 0]]: [./././././././././././.][./././././././B/./././.]
[n2330:14423] MCW rank 105 bound to socket 0[core 9[hwt 0]]: [./././././././././B/./.][./././././././././././.]
[n2334:31473] MCW rank 85 bound to socket 1[core 13[hwt 0]]: [./././././././././././.][./B/./././././././././.]
[n2397:29375] MCW rank 37 bound to socket 1[core 13[hwt 0]]: [./././././././././././.][./B/./././././././././.]
[n2326:11954] MCW rank 133 bound to socket 1[core 13[hwt 0]]: [./././././././././././.][./B/./././././././././.]
[n2274:06714] MCW rank 145 bound to socket 0[core 1[hwt 0]]: [./B/./././././././././.][./././././././././././.]
[n2164:24659] MCW rank 168 bound to socket 0[core 0[hwt 0]]: [B/././././././././././.][./././././././././././.]
[n2385:24614] MCW rank 68 bound to socket 1[core 20[hwt 0]]: [./././././././././././.][././././././././B/././.]
[n2330:14423] MCW rank 106 bound to socket 0[core 10[hwt 0]]: [././././././././././B/.][./././././././././././.]
[n2334:31473] MCW rank 86 bound to socket 1[core 14[hwt 0]]: [./././././././././././.][././B/././././././././.]
[n2397:29375] MCW rank 38 bound to socket 1[core 14[hwt 0]]: [./././././././././././.][././B/././././././././.]
[n2326:11954] MCW rank 134 bound to socket 1[core 14[hwt 0]]: [./././././././././././.][././B/././././././././.]
[n2274:06714] MCW rank 146 bound to socket 0[core 2[hwt 0]]: [././B/././././././././.][./././././././././././.]
[n2164:24659] MCW rank 169 bound to socket 0[core 1[hwt 0]]: [./B/./././././././././.][./././././././././././.]
[n2385:24614] MCW rank 69 bound to socket 1[core 21[hwt 0]]: [./././././././././././.][./././././././././B/./.]
[n2330:14423] MCW rank 107 bound to socket 0[core 11[hwt 0]]: [./././././././././././B][./././././././././././.]
[n2334:31473] MCW rank 87 bound to socket 1[core 15[hwt 0]]: [./././././././././././.][./././B/./././././././.]
[n2397:29375] MCW rank 39 bound to socket 1[core 15[hwt 0]]: [./././././././././././.][./././B/./././././././.]
[n2326:11954] MCW rank 135 bound to socket 1[core 15[hwt 0]]: [./././././././././././.][./././B/./././././././.]
[n2274:06714] MCW rank 147 bound to socket 0[core 3[hwt 0]]: [./././B/./././././././.][./././././././././././.]
[n2164:24659] MCW rank 170 bound to socket 0[core 2[hwt 0]]: [././B/././././././././.][./././././././././././.]
[n2385:24614] MCW rank 70 bound to socket 1[core 22[hwt 0]]: [./././././././././././.][././././././././././B/.]
[n2330:14423] MCW rank 108 bound to socket 1[core 12[hwt 0]]: [./././././././././././.][B/././././././././././.]
[n2334:31473] MCW rank 88 bound to socket 1[core 16[hwt 0]]: [./././././././././././.][././././B/././././././.]
[n2397:29375] MCW rank 40 bound to socket 1[core 16[hwt 0]]: [./././././././././././.][././././B/././././././.]
[n2326:11954] MCW rank 136 bound to socket 1[core 16[hwt 0]]: [./././././././././././.][././././B/././././././.]
[n2164:24659] MCW rank 171 bound to socket 0[core 3[hwt 0]]: [./././B/./././././././.][./././././././././././.]
[n2397:29375] MCW rank 41 bound to socket 1[core 17[hwt 0]]: [./././././././././././.][./././././B/./././././.]
[n2326:11954] MCW rank 137 bound to socket 1[core 17[hwt 0]]: [./././././././././././.][./././././B/./././././.]
[n2274:06714] MCW rank 148 bound to socket 0[core 4[hwt 0]]: [././././B/././././././.][./././././././././././.]
[n2164:24659] MCW rank 172 bound to socket 0[core 4[hwt 0]]: [././././B/././././././.][./././././././././././.]
[n2385:24614] MCW rank 71 bound to socket 1[core 23[hwt 0]]: [./././././././././././.][./././././././././././B]
[n2330:14423] MCW rank 109 bound to socket 1[core 13[hwt 0]]: [./././././././././././.][./B/./././././././././.]
[n2334:31473] MCW rank 89 bound to socket 1[core 17[hwt 0]]: [./././././././././././.][./././././B/./././././.]
[n2397:29375] MCW rank 42 bound to socket 1[core 18[hwt 0]]: [./././././././././././.][././././././B/././././.]
[n2326:11954] MCW rank 138 bound to socket 1[core 18[hwt 0]]: [./././././././././././.][././././././B/././././.]
[n2274:06714] MCW rank 149 bound to socket 0[core 5[hwt 0]]: [./././././B/./././././.][./././././././././././.]
[n2164:24659] MCW rank 173 bound to socket 0[core 5[hwt 0]]: [./././././B/./././././.][./././././././././././.]
[n2385:24614] MCW rank 48 bound to socket 0[core 0[hwt 0]]: [B/././././././././././.][./././././././././././.]
[n2330:14423] MCW rank 110 bound to socket 1[core 14[hwt 0]]: [./././././././././././.][././B/././././././././.]
[n2334:31473] MCW rank 90 bound to socket 1[core 18[hwt 0]]: [./././././././././././.][././././././B/././././.]
[n2397:29375] MCW rank 43 bound to socket 1[core 19[hwt 0]]: [./././././././././././.][./././././././B/./././.]
[n2326:11954] MCW rank 139 bound to socket 1[core 19[hwt 0]]: [./././././././././././.][./././././././B/./././.]
[n2274:06714] MCW rank 150 bound to socket 0[core 6[hwt 0]]: [././././././B/././././.][./././././././././././.]
[n2164:24659] MCW rank 174 bound to socket 0[core 6[hwt 0]]: [././././././B/././././.][./././././././././././.]
[n2385:24614] MCW rank 49 bound to socket 0[core 1[hwt 0]]: [./B/./././././././././.][./././././././././././.]
[n2330:14423] MCW rank 111 bound to socket 1[core 15[hwt 0]]: [./././././././././././.][./././B/./././././././.]
[n2334:31473] MCW rank 91 bound to socket 1[core 19[hwt 0]]: [./././././././././././.][./././././././B/./././.]
[n2397:29375] MCW rank 44 bound to socket 1[core 20[hwt 0]]: [./././././././././././.][././././././././B/././.]
[n2326:11954] MCW rank 140 bound to socket 1[core 20[hwt 0]]: [./././././././././././.][././././././././B/././.]
[n2274:06714] MCW rank 151 bound to socket 0[core 7[hwt 0]]: [./././././././B/./././.][./././././././././././.]
[n2164:24659] MCW rank 175 bound to socket 0[core 7[hwt 0]]: [./././././././B/./././.][./././././././././././.]
[n2385:24614] MCW rank 50 bound to socket 0[core 2[hwt 0]]: [././B/././././././././.][./././././././././././.]
[n2330:14423] MCW rank 112 bound to socket 1[core 16[hwt 0]]: [./././././././././././.][././././B/././././././.]
[n2334:31473] MCW rank 92 bound to socket 1[core 20[hwt 0]]: [./././././././././././.][././././././././B/././.]
[n2397:29375] MCW rank 45 bound to socket 1[core 21[hwt 0]]: [./././././././././././.][./././././././././B/./.]
[n2326:11954] MCW rank 141 bound to socket 1[core 21[hwt 0]]: [./././././././././././.][./././././././././B/./.]
[n2274:06714] MCW rank 152 bound to socket 0[core 8[hwt 0]]: [././././././././B/././.][./././././././././././.]
[n2164:24659] MCW rank 176 bound to socket 0[core 8[hwt 0]]: [././././././././B/././.][./././././././././././.]
[n2385:24614] MCW rank 51 bound to socket 0[core 3[hwt 0]]: [./././B/./././././././.][./././././././././././.]
[n2330:14423] MCW rank 113 bound to socket 1[core 17[hwt 0]]: [./././././././././././.][./././././B/./././././.]
[n2334:31473] MCW rank 93 bound to socket 1[core 21[hwt 0]]: [./././././././././././.][./././././././././B/./.]
[n2397:29375] MCW rank 46 bound to socket 1[core 22[hwt 0]]: [./././././././././././.][././././././././././B/.]
[n2326:11954] MCW rank 142 bound to socket 1[core 22[hwt 0]]: [./././././././././././.][././././././././././B/.]
[n2274:06714] MCW rank 153 bound to socket 0[core 9[hwt 0]]: [./././././././././B/./.][./././././././././././.]
[n2164:24659] MCW rank 177 bound to socket 0[core 9[hwt 0]]: [./././././././././B/./.][./././././././././././.]
[n2385:24614] MCW rank 52 bound to socket 0[core 4[hwt 0]]: [././././B/././././././.][./././././././././././.]
[n2330:14423] MCW rank 114 bound to socket 1[core 18[hwt 0]]: [./././././././././././.][././././././B/././././.]
[n2334:31473] MCW rank 94 bound to socket 1[core 22[hwt 0]]: [./././././././././././.][././././././././././B/.]
[n2397:29375] MCW rank 47 bound to socket 1[core 23[hwt 0]]: [./././././././././././.][./././././././././././B]
[n2326:11954] MCW rank 143 bound to socket 1[core 23[hwt 0]]: [./././././././././././.][./././././././././././B]
[n2274:06714] MCW rank 154 bound to socket 0[core 10[hwt 0]]: [././././././././././B/.][./././././././././././.]
[n2164:24659] MCW rank 178 bound to socket 0[core 10[hwt 0]]: [././././././././././B/.][./././././././././././.]
[n2385:24614] MCW rank 53 bound to socket 0[core 5[hwt 0]]: [./././././B/./././././.][./././././././././././.]
[n2330:14423] MCW rank 115 bound to socket 1[core 19[hwt 0]]: [./././././././././././.][./././././././B/./././.]
[n2334:31473] MCW rank 95 bound to socket 1[core 23[hwt 0]]: [./././././././././././.][./././././././././././B]
[n2326:11954] MCW rank 120 bound to socket 0[core 0[hwt 0]]: [B/././././././././././.][./././././././././././.]
[n2274:06714] MCW rank 155 bound to socket 0[core 11[hwt 0]]: [./././././././././././B][./././././././././././.]
[n2164:24659] MCW rank 179 bound to socket 0[core 11[hwt 0]]: [./././././././././././B][./././././././././././.]
[n2385:24614] MCW rank 54 bound to socket 0[core 6[hwt 0]]: [././././././B/././././.][./././././././././././.]
[n2330:14423] MCW rank 116 bound to socket 1[core 20[hwt 0]]: [./././././././././././.][././././././././B/././.]
[n2334:31473] MCW rank 72 bound to socket 0[core 0[hwt 0]]: [B/././././././././././.][./././././././././././.]
[n2397:29375] MCW rank 24 bound to socket 0[core 0[hwt 0]]: [B/././././././././././.][./././././././././././.]
[n2326:11954] MCW rank 121 bound to socket 0[core 1[hwt 0]]: [./B/./././././././././.][./././././././././././.]
[n2274:06714] MCW rank 156 bound to socket 1[core 12[hwt 0]]: [./././././././././././.][B/././././././././././.]
[n2164:24659] MCW rank 180 bound to socket 1[core 12[hwt 0]]: [./././././././././././.][B/././././././././././.]
[n2385:24614] MCW rank 55 bound to socket 0[core 7[hwt 0]]: [./././././././B/./././.][./././././././././././.]
[n2330:14423] MCW rank 117 bound to socket 1[core 21[hwt 0]]: [./././././././././././.][./././././././././B/./.]
[n2334:31473] MCW rank 73 bound to socket 0[core 1[hwt 0]]: [./B/./././././././././.][./././././././././././.]
[n2397:29375] MCW rank 25 bound to socket 0[core 1[hwt 0]]: [./B/./././././././././.][./././././././././././.]
[n2326:11954] MCW rank 122 bound to socket 0[core 2[hwt 0]]: [././B/././././././././.][./././././././././././.]
[n2274:06714] MCW rank 157 bound to socket 1[core 13[hwt 0]]: [./././././././././././.][./B/./././././././././.]
[n2164:24659] MCW rank 181 bound to socket 1[core 13[hwt 0]]: [./././././././././././.][./B/./././././././././.]
[n2385:24614] MCW rank 56 bound to socket 0[core 8[hwt 0]]: [././././././././B/././.][./././././././././././.]
[n2330:14423] MCW rank 118 bound to socket 1[core 22[hwt 0]]: [./././././././././././.][././././././././././B/.]
[n2334:31473] MCW rank 74 bound to socket 0[core 2[hwt 0]]: [././B/././././././././.][./././././././././././.]
[n2397:29375] MCW rank 26 bound to socket 0[core 2[hwt 0]]: [././B/././././././././.][./././././././././././.]
[n2326:11954] MCW rank 123 bound to socket 0[core 3[hwt 0]]: [./././B/./././././././.][./././././././././././.]
[n2274:06714] MCW rank 158 bound to socket 1[core 14[hwt 0]]: [./././././././././././.][././B/././././././././.]
[n2164:24659] MCW rank 182 bound to socket 1[core 14[hwt 0]]: [./././././././././././.][././B/././././././././.]
[n2385:24614] MCW rank 57 bound to socket 0[core 9[hwt 0]]: [./././././././././B/./.][./././././././././././.]
[n2330:14423] MCW rank 119 bound to socket 1[core 23[hwt 0]]: [./././././././././././.][./././././././././././B]
[n2334:31473] MCW rank 75 bound to socket 0[core 3[hwt 0]]: [./././B/./././././././.][./././././././././././.]
[n2397:29375] MCW rank 27 bound to socket 0[core 3[hwt 0]]: [./././B/./././././././.][./././././././././././.]
[n2326:11954] MCW rank 124 bound to socket 0[core 4[hwt 0]]: [././././B/././././././.][./././././././././././.]
[n2274:06714] MCW rank 159 bound to socket 1[core 15[hwt 0]]: [./././././././././././.][./././B/./././././././.]
[n2164:24659] MCW rank 183 bound to socket 1[core 15[hwt 0]]: [./././././././././././.][./././B/./././././././.]
[n2385:24614] MCW rank 58 bound to socket 0[core 10[hwt 0]]: [././././././././././B/.][./././././././././././.]
[n2330:14423] MCW rank 96 bound to socket 0[core 0[hwt 0]]: [B/././././././././././.][./././././././././././.]
[n2334:31473] MCW rank 76 bound to socket 0[core 4[hwt 0]]: [././././B/././././././.][./././././././././././.]
[n2397:29375] MCW rank 28 bound to socket 0[core 4[hwt 0]]: [././././B/././././././.][./././././././././././.]
[n2326:11954] MCW rank 125 bound to socket 0[core 5[hwt 0]]: [./././././B/./././././.][./././././././././././.]
[n2274:06714] MCW rank 160 bound to socket 1[core 16[hwt 0]]: [./././././././././././.][././././B/././././././.]
[n2164:24659] MCW rank 184 bound to socket 1[core 16[hwt 0]]: [./././././././././././.][././././B/././././././.]
[n2385:24614] MCW rank 59 bound to socket 0[core 11[hwt 0]]: [./././././././././././B][./././././././././././.]
[n2330:14423] MCW rank 97 bound to socket 0[core 1[hwt 0]]: [./B/./././././././././.][./././././././././././.]
[n2334:31473] MCW rank 77 bound to socket 0[core 5[hwt 0]]: [./././././B/./././././.][./././././././././././.]
[n2397:29375] MCW rank 29 bound to socket 0[core 5[hwt 0]]: [./././././B/./././././.][./././././././././././.]
[n2326:11954] MCW rank 126 bound to socket 0[core 6[hwt 0]]: [././././././B/././././.][./././././././././././.]
[n2274:06714] MCW rank 161 bound to socket 1[core 17[hwt 0]]: [./././././././././././.][./././././B/./././././.]
[n2164:24659] MCW rank 185 bound to socket 1[core 17[hwt 0]]: [./././././././././././.][./././././B/./././././.]
[n2385:24614] MCW rank 60 bound to socket 1[core 12[hwt 0]]: [./././././././././././.][B/././././././././././.]
[n2330:14423] MCW rank 98 bound to socket 0[core 2[hwt 0]]: [././B/././././././././.][./././././././././././.]
[n2334:31473] MCW rank 78 bound to socket 0[core 6[hwt 0]]: [././././././B/././././.][./././././././././././.]
[n2397:29375] MCW rank 30 bound to socket 0[core 6[hwt 0]]: [././././././B/././././.][./././././././././././.]
[n2326:11954] MCW rank 127 bound to socket 0[core 7[hwt 0]]: [./././././././B/./././.][./././././././././././.]
[n2274:06714] MCW rank 162 bound to socket 1[core 18[hwt 0]]: [./././././././././././.][././././././B/././././.]
[n2164:24659] MCW rank 186 bound to socket 1[core 18[hwt 0]]: [./././././././././././.][././././././B/././././.]
[n2385:24614] MCW rank 61 bound to socket 1[core 13[hwt 0]]: [./././././././././././.][./B/./././././././././.]
[n2330:14423] MCW rank 99 bound to socket 0[core 3[hwt 0]]: [./././B/./././././././.][./././././././././././.]
[n2334:31473] MCW rank 79 bound to socket 0[core 7[hwt 0]]: [./././././././B/./././.][./././././././././././.]
[n2397:29375] MCW rank 31 bound to socket 0[core 7[hwt 0]]: [./././././././B/./././.][./././././././././././.]
[n2326:11954] MCW rank 128 bound to socket 0[core 8[hwt 0]]: [././././././././B/././.][./././././././././././.]
[n2274:06714] MCW rank 163 bound to socket 1[core 19[hwt 0]]: [./././././././././././.][./././././././B/./././.]
[n2164:24659] MCW rank 187 bound to socket 1[core 19[hwt 0]]: [./././././././././././.][./././././././B/./././.]
[n2385:24614] MCW rank 62 bound to socket 1[core 14[hwt 0]]: [./././././././././././.][././B/././././././././.]
[n2330:14423] MCW rank 100 bound to socket 0[core 4[hwt 0]]: [././././B/././././././.][./././././././././././.]
[n2334:31473] MCW rank 80 bound to socket 0[core 8[hwt 0]]: [././././././././B/././.][./././././././././././.]
[n2397:29375] MCW rank 32 bound to socket 0[core 8[hwt 0]]: [././././././././B/././.][./././././././././././.]
[n2330:14423] MCW rank 101 bound to socket 0[core 5[hwt 0]]: [./././././B/./././././.][./././././././././././.]
[n2334:31473] MCW rank 81 bound to socket 0[core 9[hwt 0]]: [./././././././././B/./.][./././././././././././.]
[n2397:29375] MCW rank 33 bound to socket 0[core 9[hwt 0]]: [./././././././././B/./.][./././././././././././.]
[n2326:11954] MCW rank 129 bound to socket 0[core 9[hwt 0]]: [./././././././././B/./.][./././././././././././.]
[n2274:06714] MCW rank 164 bound to socket 1[core 20[hwt 0]]: [./././././././././././.][././././././././B/././.]
[n2164:24659] MCW rank 188 bound to socket 1[core 20[hwt 0]]: [./././././././././././.][././././././././B/././.]
[n2385:24614] MCW rank 63 bound to socket 1[core 15[hwt 0]]: [./././././././././././.][./././B/./././././././.]
[n2334:31473] MCW rank 82 bound to socket 0[core 10[hwt 0]]: [././././././././././B/.][./././././././././././.]
[n2397:29375] MCW rank 34 bound to socket 0[core 10[hwt 0]]: [././././././././././B/.][./././././././././././.]
[n2326:11954] MCW rank 130 bound to socket 0[core 10[hwt 0]]: [././././././././././B/.][./././././././././././.]
[n2274:06714] MCW rank 165 bound to socket 1[core 21[hwt 0]]: [./././././././././././.][./././././././././B/./.]
[n2164:24659] MCW rank 189 bound to socket 1[core 21[hwt 0]]: [./././././././././././.][./././././././././B/./.]
[n2385:24614] MCW rank 64 bound to socket 1[core 16[hwt 0]]: [./././././././././././.][././././B/././././././.]
[n2330:14423] MCW rank 102 bound to socket 0[core 6[hwt 0]]: [././././././B/././././.][./././././././././././.]
[n2334:31473] MCW rank 83 bound to socket 0[core 11[hwt 0]]: [./././././././././././B][./././././././././././.]
[n2397:29375] MCW rank 35 bound to socket 0[core 11[hwt 0]]: [./././././././././././B][./././././././././././.]
[n2274:06714] MCW rank 166 bound to socket 1[core 22[hwt 0]]: [./././././././././././.][././././././././././B/.]
[n2164:24659] MCW rank 190 bound to socket 1[core 22[hwt 0]]: [./././././././././././.][././././././././././B/.]
[n2385:24614] MCW rank 65 bound to socket 1[core 17[hwt 0]]: [./././././././././././.][./././././B/./././././.]
[n2330:14423] MCW rank 103 bound to socket 0[core 7[hwt 0]]: [./././././././B/./././.][./././././././././././.]
